INFO  Start processing
ERROR Process failed: source/_css/layout/_about.scss
TypeError: Cannot read property 'compile' of undefined
    at View._precompile (/home/fusion809/GitHub/mine/hexo-site/node_modules/hexo/lib/theme/view.js:104:22)
    at View (/home/fusion809/GitHub/mine/hexo-site/node_modules/hexo/lib/theme/view.js:13:8)
    at new Theme._View.View (/home/fusion809/GitHub/mine/hexo-site/node_modules/hexo/lib/theme/index.js:37:10)
    at Theme.setView (/home/fusion809/GitHub/mine/hexo-site/node_modules/hexo/lib/theme/index.js:71:20)
    at /home/fusion809/GitHub/mine/hexo-site/node_modules/hexo/lib/theme/processors/view.js:14:14
    at tryCatcher (/home/fusion809/GitHub/mine/hexo-site/node_modules/hexo/node_modules/bluebird/js/release/util.js:16:23)
    at Promise._settlePromiseFromHandler (/home/fusion809/GitHub/mine/hexo-site/node_modules/hexo/node_modules/bluebird/js/release/promise.js:502:31)
    at Promise._settlePromise (/home/fusion809/GitHub/mine/hexo-site/node_modules/hexo/node_modules/bluebird/js/release/promise.js:559:18)
    at Promise._settlePromise0 (/home/fusion809/GitHub/mine/hexo-site/node_modules/hexo/node_modules/bluebird/js/release/promise.js:604:10)
    at Promise._settlePromises (/home/fusion809/GitHub/mine/hexo-site/node_modules/hexo/node_modules/bluebird/js/release/promise.js:683:18)
    at Promise._fulfill (/home/fusion809/GitHub/mine/hexo-site/node_modules/hexo/node_modules/bluebird/js/release/promise.js:628:18)
    at Promise._resolveCallback (/home/fusion809/GitHub/mine/hexo-site/node_modules/hexo/node_modules/bluebird/js/release/promise.js:423:57)
    at Promise._settlePromiseFromHandler (/home/fusion809/GitHub/mine/hexo-site/node_modules/hexo/node_modules/bluebird/js/release/promise.js:514:17)
    at Promise._settlePromise (/home/fusion809/GitHub/mine/hexo-site/node_modules/hexo/node_modules/bluebird/js/release/promise.js:559:18)
    at Promise._settlePromise0 (/home/fusion809/GitHub/mine/hexo-site/node_modules/hexo/node_modules/bluebird/js/release/promise.js:604:10)
    at Promise._settlePromises (/home/fusion809/GitHub/mine/hexo-site/node_modules/hexo/node_modules/bluebird/js/release/promise.js:683:18)
    at Promise._fulfill (/home/fusion809/GitHub/mine/hexo-site/node_modules/hexo/node_modules/bluebird/js/release/promise.js:628:18)
    at /home/fusion809/GitHub/mine/hexo-site/node_modules/hexo/node_modules/bluebird/js/release/nodeback.js:42:21
    at /home/fusion809/GitHub/mine/hexo-site/node_modules/hexo/node_modules/graceful-fs/graceful-fs.js:78:16
    at tryToString (fs.js:414:3)
    at FSReqWrap.readFileAfterClose [as oncomplete] (fs.js:401:12)
ERROR Process failed: source/_css/layout/_blog.scss
TypeError: Cannot read property 'compile' of undefined
    at View._precompile (/home/fusion809/GitHub/mine/hexo-site/node_modules/hexo/lib/theme/view.js:104:22)
    at View (/home/fusion809/GitHub/mine/hexo-site/node_modules/hexo/lib/theme/view.js:13:8)
    at new Theme._View.View (/home/fusion809/GitHub/mine/hexo-site/node_modules/hexo/lib/theme/index.js:37:10)
    at Theme.setView (/home/fusion809/GitHub/mine/hexo-site/node_modules/hexo/lib/theme/index.js:71:20)
    at /home/fusion809/GitHub/mine/hexo-site/node_modules/hexo/lib/theme/processors/view.js:14:14
    at tryCatcher (/home/fusion809/GitHub/mine/hexo-site/node_modules/hexo/node_modules/bluebird/js/release/util.js:16:23)
    at Promise._settlePromiseFromHandler (/home/fusion809/GitHub/mine/hexo-site/node_modules/hexo/node_modules/bluebird/js/release/promise.js:502:31)
    at Promise._settlePromise (/home/fusion809/GitHub/mine/hexo-site/node_modules/hexo/node_modules/bluebird/js/release/promise.js:559:18)
    at Promise._settlePromise0 (/home/fusion809/GitHub/mine/hexo-site/node_modules/hexo/node_modules/bluebird/js/release/promise.js:604:10)
    at Promise._settlePromises (/home/fusion809/GitHub/mine/hexo-site/node_modules/hexo/node_modules/bluebird/js/release/promise.js:683:18)
    at Promise._fulfill (/home/fusion809/GitHub/mine/hexo-site/node_modules/hexo/node_modules/bluebird/js/release/promise.js:628:18)
    at Promise._resolveCallback (/home/fusion809/GitHub/mine/hexo-site/node_modules/hexo/node_modules/bluebird/js/release/promise.js:423:57)
    at Promise._settlePromiseFromHandler (/home/fusion809/GitHub/mine/hexo-site/node_modules/hexo/node_modules/bluebird/js/release/promise.js:514:17)
    at Promise._settlePromise (/home/fusion809/GitHub/mine/hexo-site/node_modules/hexo/node_modules/bluebird/js/release/promise.js:559:18)
    at Promise._settlePromise0 (/home/fusion809/GitHub/mine/hexo-site/node_modules/hexo/node_modules/bluebird/js/release/promise.js:604:10)
    at Promise._settlePromises (/home/fusion809/GitHub/mine/hexo-site/node_modules/hexo/node_modules/bluebird/js/release/promise.js:683:18)
    at Promise._fulfill (/home/fusion809/GitHub/mine/hexo-site/node_modules/hexo/node_modules/bluebird/js/release/promise.js:628:18)
    at /home/fusion809/GitHub/mine/hexo-site/node_modules/hexo/node_modules/bluebird/js/release/nodeback.js:42:21
    at /home/fusion809/GitHub/mine/hexo-site/node_modules/hexo/node_modules/graceful-fs/graceful-fs.js:78:16
    at tryToString (fs.js:414:3)
    at FSReqWrap.readFileAfterClose [as oncomplete] (fs.js:401:12)
ERROR Process failed: source/_css/layout/_cover.scss
TypeError: Cannot read property 'compile' of undefined
    at View._precompile (/home/fusion809/GitHub/mine/hexo-site/node_modules/hexo/lib/theme/view.js:104:22)
    at View (/home/fusion809/GitHub/mine/hexo-site/node_modules/hexo/lib/theme/view.js:13:8)
    at new Theme._View.View (/home/fusion809/GitHub/mine/hexo-site/node_modules/hexo/lib/theme/index.js:37:10)
    at Theme.setView (/home/fusion809/GitHub/mine/hexo-site/node_modules/hexo/lib/theme/index.js:71:20)
    at /home/fusion809/GitHub/mine/hexo-site/node_modules/hexo/lib/theme/processors/view.js:14:14
    at tryCatcher (/home/fusion809/GitHub/mine/hexo-site/node_modules/hexo/node_modules/bluebird/js/release/util.js:16:23)
    at Promise._settlePromiseFromHandler (/home/fusion809/GitHub/mine/hexo-site/node_modules/hexo/node_modules/bluebird/js/release/promise.js:502:31)
    at Promise._settlePromise (/home/fusion809/GitHub/mine/hexo-site/node_modules/hexo/node_modules/bluebird/js/release/promise.js:559:18)
    at Promise._settlePromise0 (/home/fusion809/GitHub/mine/hexo-site/node_modules/hexo/node_modules/bluebird/js/release/promise.js:604:10)
    at Promise._settlePromises (/home/fusion809/GitHub/mine/hexo-site/node_modules/hexo/node_modules/bluebird/js/release/promise.js:683:18)
    at Promise._fulfill (/home/fusion809/GitHub/mine/hexo-site/node_modules/hexo/node_modules/bluebird/js/release/promise.js:628:18)
    at Promise._resolveCallback (/home/fusion809/GitHub/mine/hexo-site/node_modules/hexo/node_modules/bluebird/js/release/promise.js:423:57)
    at Promise._settlePromiseFromHandler (/home/fusion809/GitHub/mine/hexo-site/node_modules/hexo/node_modules/bluebird/js/release/promise.js:514:17)
    at Promise._settlePromise (/home/fusion809/GitHub/mine/hexo-site/node_modules/hexo/node_modules/bluebird/js/release/promise.js:559:18)
    at Promise._settlePromise0 (/home/fusion809/GitHub/mine/hexo-site/node_modules/hexo/node_modules/bluebird/js/release/promise.js:604:10)
    at Promise._settlePromises (/home/fusion809/GitHub/mine/hexo-site/node_modules/hexo/node_modules/bluebird/js/release/promise.js:683:18)
    at Promise._fulfill (/home/fusion809/GitHub/mine/hexo-site/node_modules/hexo/node_modules/bluebird/js/release/promise.js:628:18)
    at /home/fusion809/GitHub/mine/hexo-site/node_modules/hexo/node_modules/bluebird/js/release/nodeback.js:42:21
    at /home/fusion809/GitHub/mine/hexo-site/node_modules/hexo/node_modules/graceful-fs/graceful-fs.js:78:16
    at tryToString (fs.js:414:3)
    at FSReqWrap.readFileAfterClose [as oncomplete] (fs.js:401:12)
ERROR Process failed: source/_css/layout/_bottom-bar.scss
TypeError: Cannot read property 'compile' of undefined
    at View._precompile (/home/fusion809/GitHub/mine/hexo-site/node_modules/hexo/lib/theme/view.js:104:22)
    at View (/home/fusion809/GitHub/mine/hexo-site/node_modules/hexo/lib/theme/view.js:13:8)
    at new Theme._View.View (/home/fusion809/GitHub/mine/hexo-site/node_modules/hexo/lib/theme/index.js:37:10)
    at Theme.setView (/home/fusion809/GitHub/mine/hexo-site/node_modules/hexo/lib/theme/index.js:71:20)
    at /home/fusion809/GitHub/mine/hexo-site/node_modules/hexo/lib/theme/processors/view.js:14:14
    at tryCatcher (/home/fusion809/GitHub/mine/hexo-site/node_modules/hexo/node_modules/bluebird/js/release/util.js:16:23)
    at Promise._settlePromiseFromHandler (/home/fusion809/GitHub/mine/hexo-site/node_modules/hexo/node_modules/bluebird/js/release/promise.js:502:31)
    at Promise._settlePromise (/home/fusion809/GitHub/mine/hexo-site/node_modules/hexo/node_modules/bluebird/js/release/promise.js:559:18)
    at Promise._settlePromise0 (/home/fusion809/GitHub/mine/hexo-site/node_modules/hexo/node_modules/bluebird/js/release/promise.js:604:10)
    at Promise._settlePromises (/home/fusion809/GitHub/mine/hexo-site/node_modules/hexo/node_modules/bluebird/js/release/promise.js:683:18)
    at Promise._fulfill (/home/fusion809/GitHub/mine/hexo-site/node_modules/hexo/node_modules/bluebird/js/release/promise.js:628:18)
    at Promise._resolveCallback (/home/fusion809/GitHub/mine/hexo-site/node_modules/hexo/node_modules/bluebird/js/release/promise.js:423:57)
    at Promise._settlePromiseFromHandler (/home/fusion809/GitHub/mine/hexo-site/node_modules/hexo/node_modules/bluebird/js/release/promise.js:514:17)
    at Promise._settlePromise (/home/fusion809/GitHub/mine/hexo-site/node_modules/hexo/node_modules/bluebird/js/release/promise.js:559:18)
    at Promise._settlePromise0 (/home/fusion809/GitHub/mine/hexo-site/node_modules/hexo/node_modules/bluebird/js/release/promise.js:604:10)
    at Promise._settlePromises (/home/fusion809/GitHub/mine/hexo-site/node_modules/hexo/node_modules/bluebird/js/release/promise.js:683:18)
    at Promise._fulfill (/home/fusion809/GitHub/mine/hexo-site/node_modules/hexo/node_modules/bluebird/js/release/promise.js:628:18)
    at /home/fusion809/GitHub/mine/hexo-site/node_modules/hexo/node_modules/bluebird/js/release/nodeback.js:42:21
    at /home/fusion809/GitHub/mine/hexo-site/node_modules/hexo/node_modules/graceful-fs/graceful-fs.js:78:16
    at tryToString (fs.js:414:3)
    at FSReqWrap.readFileAfterClose [as oncomplete] (fs.js:401:12)
ERROR Process failed: source/_css/layout/_header.scss
TypeError: Cannot read property 'compile' of undefined
    at View._precompile (/home/fusion809/GitHub/mine/hexo-site/node_modules/hexo/lib/theme/view.js:104:22)
    at View (/home/fusion809/GitHub/mine/hexo-site/node_modules/hexo/lib/theme/view.js:13:8)
    at new Theme._View.View (/home/fusion809/GitHub/mine/hexo-site/node_modules/hexo/lib/theme/index.js:37:10)
    at Theme.setView (/home/fusion809/GitHub/mine/hexo-site/node_modules/hexo/lib/theme/index.js:71:20)
    at /home/fusion809/GitHub/mine/hexo-site/node_modules/hexo/lib/theme/processors/view.js:14:14
    at tryCatcher (/home/fusion809/GitHub/mine/hexo-site/node_modules/hexo/node_modules/bluebird/js/release/util.js:16:23)
    at Promise._settlePromiseFromHandler (/home/fusion809/GitHub/mine/hexo-site/node_modules/hexo/node_modules/bluebird/js/release/promise.js:502:31)
    at Promise._settlePromise (/home/fusion809/GitHub/mine/hexo-site/node_modules/hexo/node_modules/bluebird/js/release/promise.js:559:18)
    at Promise._settlePromise0 (/home/fusion809/GitHub/mine/hexo-site/node_modules/hexo/node_modules/bluebird/js/release/promise.js:604:10)
    at Promise._settlePromises (/home/fusion809/GitHub/mine/hexo-site/node_modules/hexo/node_modules/bluebird/js/release/promise.js:683:18)
    at Promise._fulfill (/home/fusion809/GitHub/mine/hexo-site/node_modules/hexo/node_modules/bluebird/js/release/promise.js:628:18)
    at Promise._resolveCallback (/home/fusion809/GitHub/mine/hexo-site/node_modules/hexo/node_modules/bluebird/js/release/promise.js:423:57)
    at Promise._settlePromiseFromHandler (/home/fusion809/GitHub/mine/hexo-site/node_modules/hexo/node_modules/bluebird/js/release/promise.js:514:17)
    at Promise._settlePromise (/home/fusion809/GitHub/mine/hexo-site/node_modules/hexo/node_modules/bluebird/js/release/promise.js:559:18)
    at Promise._settlePromise0 (/home/fusion809/GitHub/mine/hexo-site/node_modules/hexo/node_modules/bluebird/js/release/promise.js:604:10)
    at Promise._settlePromises (/home/fusion809/GitHub/mine/hexo-site/node_modules/hexo/node_modules/bluebird/js/release/promise.js:683:18)
    at Promise._fulfill (/home/fusion809/GitHub/mine/hexo-site/node_modules/hexo/node_modules/bluebird/js/release/promise.js:628:18)
    at /home/fusion809/GitHub/mine/hexo-site/node_modules/hexo/node_modules/bluebird/js/release/nodeback.js:42:21
    at /home/fusion809/GitHub/mine/hexo-site/node_modules/hexo/node_modules/graceful-fs/graceful-fs.js:78:16
    at tryToString (fs.js:414:3)
    at FSReqWrap.readFileAfterClose [as oncomplete] (fs.js:401:12)
ERROR Process failed: source/_css/layout/_footer.scss
TypeError: Cannot read property 'compile' of undefined
    at View._precompile (/home/fusion809/GitHub/mine/hexo-site/node_modules/hexo/lib/theme/view.js:104:22)
    at View (/home/fusion809/GitHub/mine/hexo-site/node_modules/hexo/lib/theme/view.js:13:8)
    at new Theme._View.View (/home/fusion809/GitHub/mine/hexo-site/node_modules/hexo/lib/theme/index.js:37:10)
    at Theme.setView (/home/fusion809/GitHub/mine/hexo-site/node_modules/hexo/lib/theme/index.js:71:20)
    at /home/fusion809/GitHub/mine/hexo-site/node_modules/hexo/lib/theme/processors/view.js:14:14
    at tryCatcher (/home/fusion809/GitHub/mine/hexo-site/node_modules/hexo/node_modules/bluebird/js/release/util.js:16:23)
    at Promise._settlePromiseFromHandler (/home/fusion809/GitHub/mine/hexo-site/node_modules/hexo/node_modules/bluebird/js/release/promise.js:502:31)
    at Promise._settlePromise (/home/fusion809/GitHub/mine/hexo-site/node_modules/hexo/node_modules/bluebird/js/release/promise.js:559:18)
    at Promise._settlePromise0 (/home/fusion809/GitHub/mine/hexo-site/node_modules/hexo/node_modules/bluebird/js/release/promise.js:604:10)
    at Promise._settlePromises (/home/fusion809/GitHub/mine/hexo-site/node_modules/hexo/node_modules/bluebird/js/release/promise.js:683:18)
    at Promise._fulfill (/home/fusion809/GitHub/mine/hexo-site/node_modules/hexo/node_modules/bluebird/js/release/promise.js:628:18)
    at Promise._resolveCallback (/home/fusion809/GitHub/mine/hexo-site/node_modules/hexo/node_modules/bluebird/js/release/promise.js:423:57)
    at Promise._settlePromiseFromHandler (/home/fusion809/GitHub/mine/hexo-site/node_modules/hexo/node_modules/bluebird/js/release/promise.js:514:17)
    at Promise._settlePromise (/home/fusion809/GitHub/mine/hexo-site/node_modules/hexo/node_modules/bluebird/js/release/promise.js:559:18)
    at Promise._settlePromise0 (/home/fusion809/GitHub/mine/hexo-site/node_modules/hexo/node_modules/bluebird/js/release/promise.js:604:10)
    at Promise._settlePromises (/home/fusion809/GitHub/mine/hexo-site/node_modules/hexo/node_modules/bluebird/js/release/promise.js:683:18)
    at Promise._fulfill (/home/fusion809/GitHub/mine/hexo-site/node_modules/hexo/node_modules/bluebird/js/release/promise.js:628:18)
    at /home/fusion809/GitHub/mine/hexo-site/node_modules/hexo/node_modules/bluebird/js/release/nodeback.js:42:21
    at /home/fusion809/GitHub/mine/hexo-site/node_modules/hexo/node_modules/graceful-fs/graceful-fs.js:78:16
    at tryToString (fs.js:414:3)
    at FSReqWrap.readFileAfterClose [as oncomplete] (fs.js:401:12)
ERROR Process failed: source/_css/layout/_main.scss
TypeError: Cannot read property 'compile' of undefined
    at View._precompile (/home/fusion809/GitHub/mine/hexo-site/node_modules/hexo/lib/theme/view.js:104:22)
    at View (/home/fusion809/GitHub/mine/hexo-site/node_modules/hexo/lib/theme/view.js:13:8)
    at new Theme._View.View (/home/fusion809/GitHub/mine/hexo-site/node_modules/hexo/lib/theme/index.js:37:10)
    at Theme.setView (/home/fusion809/GitHub/mine/hexo-site/node_modules/hexo/lib/theme/index.js:71:20)
    at /home/fusion809/GitHub/mine/hexo-site/node_modules/hexo/lib/theme/processors/view.js:14:14
    at tryCatcher (/home/fusion809/GitHub/mine/hexo-site/node_modules/hexo/node_modules/bluebird/js/release/util.js:16:23)
    at Promise._settlePromiseFromHandler (/home/fusion809/GitHub/mine/hexo-site/node_modules/hexo/node_modules/bluebird/js/release/promise.js:502:31)
    at Promise._settlePromise (/home/fusion809/GitHub/mine/hexo-site/node_modules/hexo/node_modules/bluebird/js/release/promise.js:559:18)
    at Promise._settlePromise0 (/home/fusion809/GitHub/mine/hexo-site/node_modules/hexo/node_modules/bluebird/js/release/promise.js:604:10)
    at Promise._settlePromises (/home/fusion809/GitHub/mine/hexo-site/node_modules/hexo/node_modules/bluebird/js/release/promise.js:683:18)
    at Promise._fulfill (/home/fusion809/GitHub/mine/hexo-site/node_modules/hexo/node_modules/bluebird/js/release/promise.js:628:18)
    at Promise._resolveCallback (/home/fusion809/GitHub/mine/hexo-site/node_modules/hexo/node_modules/bluebird/js/release/promise.js:423:57)
    at Promise._settlePromiseFromHandler (/home/fusion809/GitHub/mine/hexo-site/node_modules/hexo/node_modules/bluebird/js/release/promise.js:514:17)
    at Promise._settlePromise (/home/fusion809/GitHub/mine/hexo-site/node_modules/hexo/node_modules/bluebird/js/release/promise.js:559:18)
    at Promise._settlePromise0 (/home/fusion809/GitHub/mine/hexo-site/node_modules/hexo/node_modules/bluebird/js/release/promise.js:604:10)
    at Promise._settlePromises (/home/fusion809/GitHub/mine/hexo-site/node_modules/hexo/node_modules/bluebird/js/release/promise.js:683:18)
    at Promise._fulfill (/home/fusion809/GitHub/mine/hexo-site/node_modules/hexo/node_modules/bluebird/js/release/promise.js:628:18)
    at /home/fusion809/GitHub/mine/hexo-site/node_modules/hexo/node_modules/bluebird/js/release/nodeback.js:42:21
    at /home/fusion809/GitHub/mine/hexo-site/node_modules/hexo/node_modules/graceful-fs/graceful-fs.js:78:16
    at tryToString (fs.js:414:3)
    at FSReqWrap.readFileAfterClose [as oncomplete] (fs.js:401:12)
ERROR Process failed: source/_css/layout/_sidebar.scss
TypeError: Cannot read property 'compile' of undefined
    at View._precompile (/home/fusion809/GitHub/mine/hexo-site/node_modules/hexo/lib/theme/view.js:104:22)
    at View (/home/fusion809/GitHub/mine/hexo-site/node_modules/hexo/lib/theme/view.js:13:8)
    at new Theme._View.View (/home/fusion809/GitHub/mine/hexo-site/node_modules/hexo/lib/theme/index.js:37:10)
    at Theme.setView (/home/fusion809/GitHub/mine/hexo-site/node_modules/hexo/lib/theme/index.js:71:20)
    at /home/fusion809/GitHub/mine/hexo-site/node_modules/hexo/lib/theme/processors/view.js:14:14
    at tryCatcher (/home/fusion809/GitHub/mine/hexo-site/node_modules/hexo/node_modules/bluebird/js/release/util.js:16:23)
    at Promise._settlePromiseFromHandler (/home/fusion809/GitHub/mine/hexo-site/node_modules/hexo/node_modules/bluebird/js/release/promise.js:502:31)
    at Promise._settlePromise (/home/fusion809/GitHub/mine/hexo-site/node_modules/hexo/node_modules/bluebird/js/release/promise.js:559:18)
    at Promise._settlePromise0 (/home/fusion809/GitHub/mine/hexo-site/node_modules/hexo/node_modules/bluebird/js/release/promise.js:604:10)
    at Promise._settlePromises (/home/fusion809/GitHub/mine/hexo-site/node_modules/hexo/node_modules/bluebird/js/release/promise.js:683:18)
    at Promise._fulfill (/home/fusion809/GitHub/mine/hexo-site/node_modules/hexo/node_modules/bluebird/js/release/promise.js:628:18)
    at Promise._resolveCallback (/home/fusion809/GitHub/mine/hexo-site/node_modules/hexo/node_modules/bluebird/js/release/promise.js:423:57)
    at Promise._settlePromiseFromHandler (/home/fusion809/GitHub/mine/hexo-site/node_modules/hexo/node_modules/bluebird/js/release/promise.js:514:17)
    at Promise._settlePromise (/home/fusion809/GitHub/mine/hexo-site/node_modules/hexo/node_modules/bluebird/js/release/promise.js:559:18)
    at Promise._settlePromise0 (/home/fusion809/GitHub/mine/hexo-site/node_modules/hexo/node_modules/bluebird/js/release/promise.js:604:10)
    at Promise._settlePromises (/home/fusion809/GitHub/mine/hexo-site/node_modules/hexo/node_modules/bluebird/js/release/promise.js:683:18)
    at Promise._fulfill (/home/fusion809/GitHub/mine/hexo-site/node_modules/hexo/node_modules/bluebird/js/release/promise.js:628:18)
    at /home/fusion809/GitHub/mine/hexo-site/node_modules/hexo/node_modules/bluebird/js/release/nodeback.js:42:21
    at /home/fusion809/GitHub/mine/hexo-site/node_modules/hexo/node_modules/graceful-fs/graceful-fs.js:78:16
    at tryToString (fs.js:414:3)
    at FSReqWrap.readFileAfterClose [as oncomplete] (fs.js:401:12)
FATAL Something's wrong. Maybe you can find the solution here: http://hexo.io/docs/troubleshooting.html
Template render error: (unknown path)
  Error: Wrong `markdown-it` preset "## Linux Distributions
**Linux distributions** are the systems I have far greater experience with, in fact, in the past four years since I started using Ubuntu on my old Dell Laptop, I would say that at least 60% of my time on a PC has been spent using Linux. Hence I will speak at greater length about them, than about the &#42;BSDs. The Linux distributions I have used on an actual computer (as opposed to on a virtual machine) include (with an estimate of how long I spent using each):

* **Arch Linux** &mdash; which I am presently using and have spent at least three months using as my primary OS.
* **Fedora** &mdash; which I have spent less than a week using.
* **Manjaro Linux** &mdash; which I have spent at most a fortnight using.
* **openSUSE Tumbleweed** &mdash; which I have spent about a fortnight using.
* **Sabayon Linux** &mdash; I spent >3 months using this system.
* **Ubuntu** &mdash; I spent roughly 1-3 years using this one (on and off, I switched a lot between it and Windows 7)

while those I have used on a virtual machine (not including those I have also used on an actual computer) are far more numerous and are mentioned in a list on the [About Me Page](https://fusion809.github.io/about-me/) of this blog. When someone ask a Linux enthusiast, "What's the best Linux distribution?" They quite often will roll their eyes, as the question is akin to asking, "What's the best food?" There maybe a best distribution (or analogously a best food item) for an individual person, in a particular context or situation, but there is no "best distribution", in general. My favourite distributions would be Arch Linux, openSUSE Tumbleweed and Sabayon Linux, but that is with regard to how I use them and not a general, all-situation-inclusive assessment of them.

The best distribution for you will depend on several variables, including:

* How you use your computer, day-to-day. Do you spend most of your time using web browsers, office suites, music players, video players, gaming software, *etc.* or do you spend your time developing software of your own or building packages?
", check name
    at Object.exports.prettifyError (/home/fusion809/GitHub/mine/hexo-site/node_modules/hexo/node_modules/nunjucks/src/lib.js:34:15)
    at /home/fusion809/GitHub/mine/hexo-site/node_modules/hexo/node_modules/nunjucks/src/environment.js:485:31
    at root [as rootRenderFunc] (eval at <anonymous> (/home/fusion809/GitHub/mine/hexo-site/node_modules/hexo/node_modules/nunjucks/src/environment.js:564:24), <anonymous>:18:3)
    at Obj.extend.render (/home/fusion809/GitHub/mine/hexo-site/node_modules/hexo/node_modules/nunjucks/src/environment.js:478:15)
    at Obj.extend.renderString (/home/fusion809/GitHub/mine/hexo-site/node_modules/hexo/node_modules/nunjucks/src/environment.js:326:21)
    at /home/fusion809/GitHub/mine/hexo-site/node_modules/hexo/lib/extend/tag.js:66:9
    at Promise._execute (/home/fusion809/GitHub/mine/hexo-site/node_modules/hexo/node_modules/bluebird/js/release/debuggability.js:272:9)
    at Promise._resolveFromExecutor (/home/fusion809/GitHub/mine/hexo-site/node_modules/hexo/node_modules/bluebird/js/release/promise.js:473:18)
    at new Promise (/home/fusion809/GitHub/mine/hexo-site/node_modules/hexo/node_modules/bluebird/js/release/promise.js:77:14)
    at Tag.render (/home/fusion809/GitHub/mine/hexo-site/node_modules/hexo/lib/extend/tag.js:64:10)
    at Object.tagFilter [as onRenderEnd] (/home/fusion809/GitHub/mine/hexo-site/node_modules/hexo/lib/hexo/post.js:253:16)
    at /home/fusion809/GitHub/mine/hexo-site/node_modules/hexo/lib/hexo/render.js:63:19
    at tryCatcher (/home/fusion809/GitHub/mine/hexo-site/node_modules/hexo/node_modules/bluebird/js/release/util.js:16:23)
    at Promise._settlePromiseFromHandler (/home/fusion809/GitHub/mine/hexo-site/node_modules/hexo/node_modules/bluebird/js/release/promise.js:502:31)
    at Promise._settlePromise (/home/fusion809/GitHub/mine/hexo-site/node_modules/hexo/node_modules/bluebird/js/release/promise.js:559:18)
    at Promise._settlePromise0 (/home/fusion809/GitHub/mine/hexo-site/node_modules/hexo/node_modules/bluebird/js/release/promise.js:604:10)
    at Promise._settlePromises (/home/fusion809/GitHub/mine/hexo-site/node_modules/hexo/node_modules/bluebird/js/release/promise.js:683:18)
    at Async._drainQueue (/home/fusion809/GitHub/mine/hexo-site/node_modules/hexo/node_modules/bluebird/js/release/async.js:138:16)
    at Async._drainQueues (/home/fusion809/GitHub/mine/hexo-site/node_modules/hexo/node_modules/bluebird/js/release/async.js:148:10)
    at Immediate.Async.drainQueues [as _onImmediate] (/home/fusion809/GitHub/mine/hexo-site/node_modules/hexo/node_modules/bluebird/js/release/async.js:17:14)
    at tryOnImmediate (timers.js:534:15)
    at processImmediate [as _immediateCallback] (timers.js:514:5)
FATAL (unknown path)
  Error: Wrong `markdown-it` preset "## Linux Distributions
**Linux distributions** are the systems I have far greater experience with, in fact, in the past four years since I started using Ubuntu on my old Dell Laptop, I would say that at least 60% of my time on a PC has been spent using Linux. Hence I will speak at greater length about them, than about the &#42;BSDs. The Linux distributions I have used on an actual computer (as opposed to on a virtual machine) include (with an estimate of how long I spent using each):

* **Arch Linux** &mdash; which I am presently using and have spent at least three months using as my primary OS.
* **Fedora** &mdash; which I have spent less than a week using.
* **Manjaro Linux** &mdash; which I have spent at most a fortnight using.
* **openSUSE Tumbleweed** &mdash; which I have spent about a fortnight using.
* **Sabayon Linux** &mdash; I spent >3 months using this system.
* **Ubuntu** &mdash; I spent roughly 1-3 years using this one (on and off, I switched a lot between it and Windows 7)

while those I have used on a virtual machine (not including those I have also used on an actual computer) are far more numerous and are mentioned in a list on the [About Me Page](https://fusion809.github.io/about-me/) of this blog. When someone ask a Linux enthusiast, "What's the best Linux distribution?" They quite often will roll their eyes, as the question is akin to asking, "What's the best food?" There maybe a best distribution (or analogously a best food item) for an individual person, in a particular context or situation, but there is no "best distribution", in general. My favourite distributions would be Arch Linux, openSUSE Tumbleweed and Sabayon Linux, but that is with regard to how I use them and not a general, all-situation-inclusive assessment of them.

The best distribution for you will depend on several variables, including:

* How you use your computer, day-to-day. Do you spend most of your time using web browsers, office suites, music players, video players, gaming software, *etc.* or do you spend your time developing software of your own or building packages?
", check name
Template render error: (unknown path)
  Error: Wrong `markdown-it` preset "## Linux Distributions
**Linux distributions** are the systems I have far greater experience with, in fact, in the past four years since I started using Ubuntu on my old Dell Laptop, I would say that at least 60% of my time on a PC has been spent using Linux. Hence I will speak at greater length about them, than about the &#42;BSDs. The Linux distributions I have used on an actual computer (as opposed to on a virtual machine) include (with an estimate of how long I spent using each):

* **Arch Linux** &mdash; which I am presently using and have spent at least three months using as my primary OS.
* **Fedora** &mdash; which I have spent less than a week using.
* **Manjaro Linux** &mdash; which I have spent at most a fortnight using.
* **openSUSE Tumbleweed** &mdash; which I have spent about a fortnight using.
* **Sabayon Linux** &mdash; I spent >3 months using this system.
* **Ubuntu** &mdash; I spent roughly 1-3 years using this one (on and off, I switched a lot between it and Windows 7)

while those I have used on a virtual machine (not including those I have also used on an actual computer) are far more numerous and are mentioned in a list on the [About Me Page](https://fusion809.github.io/about-me/) of this blog. When someone ask a Linux enthusiast, "What's the best Linux distribution?" They quite often will roll their eyes, as the question is akin to asking, "What's the best food?" There maybe a best distribution (or analogously a best food item) for an individual person, in a particular context or situation, but there is no "best distribution", in general. My favourite distributions would be Arch Linux, openSUSE Tumbleweed and Sabayon Linux, but that is with regard to how I use them and not a general, all-situation-inclusive assessment of them.

The best distribution for you will depend on several variables, including:

* How you use your computer, day-to-day. Do you spend most of your time using web browsers, office suites, music players, video players, gaming software, *etc.* or do you spend your time developing software of your own or building packages?
", check name
    at Object.exports.prettifyError (/home/fusion809/GitHub/mine/hexo-site/node_modules/hexo/node_modules/nunjucks/src/lib.js:34:15)
    at /home/fusion809/GitHub/mine/hexo-site/node_modules/hexo/node_modules/nunjucks/src/environment.js:485:31
    at root [as rootRenderFunc] (eval at <anonymous> (/home/fusion809/GitHub/mine/hexo-site/node_modules/hexo/node_modules/nunjucks/src/environment.js:564:24), <anonymous>:18:3)
    at Obj.extend.render (/home/fusion809/GitHub/mine/hexo-site/node_modules/hexo/node_modules/nunjucks/src/environment.js:478:15)
    at Obj.extend.renderString (/home/fusion809/GitHub/mine/hexo-site/node_modules/hexo/node_modules/nunjucks/src/environment.js:326:21)
    at /home/fusion809/GitHub/mine/hexo-site/node_modules/hexo/lib/extend/tag.js:66:9
    at Promise._execute (/home/fusion809/GitHub/mine/hexo-site/node_modules/hexo/node_modules/bluebird/js/release/debuggability.js:272:9)
    at Promise._resolveFromExecutor (/home/fusion809/GitHub/mine/hexo-site/node_modules/hexo/node_modules/bluebird/js/release/promise.js:473:18)
    at new Promise (/home/fusion809/GitHub/mine/hexo-site/node_modules/hexo/node_modules/bluebird/js/release/promise.js:77:14)
    at Tag.render (/home/fusion809/GitHub/mine/hexo-site/node_modules/hexo/lib/extend/tag.js:64:10)
    at Object.tagFilter [as onRenderEnd] (/home/fusion809/GitHub/mine/hexo-site/node_modules/hexo/lib/hexo/post.js:253:16)
    at /home/fusion809/GitHub/mine/hexo-site/node_modules/hexo/lib/hexo/render.js:63:19
    at tryCatcher (/home/fusion809/GitHub/mine/hexo-site/node_modules/hexo/node_modules/bluebird/js/release/util.js:16:23)
    at Promise._settlePromiseFromHandler (/home/fusion809/GitHub/mine/hexo-site/node_modules/hexo/node_modules/bluebird/js/release/promise.js:502:31)
    at Promise._settlePromise (/home/fusion809/GitHub/mine/hexo-site/node_modules/hexo/node_modules/bluebird/js/release/promise.js:559:18)
    at Promise._settlePromise0 (/home/fusion809/GitHub/mine/hexo-site/node_modules/hexo/node_modules/bluebird/js/release/promise.js:604:10)
    at Promise._settlePromises (/home/fusion809/GitHub/mine/hexo-site/node_modules/hexo/node_modules/bluebird/js/release/promise.js:683:18)
    at Async._drainQueue (/home/fusion809/GitHub/mine/hexo-site/node_modules/hexo/node_modules/bluebird/js/release/async.js:138:16)
    at Async._drainQueues (/home/fusion809/GitHub/mine/hexo-site/node_modules/hexo/node_modules/bluebird/js/release/async.js:148:10)
    at Immediate.Async.drainQueues [as _onImmediate] (/home/fusion809/GitHub/mine/hexo-site/node_modules/hexo/node_modules/bluebird/js/release/async.js:17:14)
    at tryOnImmediate (timers.js:534:15)
    at processImmediate [as _immediateCallback] (timers.js:514:5)
