0 info it worked if it ends with ok
1 verbose cli [ '/usr/bin/node',
1 verbose cli   '/usr/bin/npm',
1 verbose cli   'install',
1 verbose cli   '-S',
1 verbose cli   'hexo-generator-json-content' ]
2 info using npm@3.8.6
3 info using node@v5.10.1
4 silly loadCurrentTree Starting
5 silly install loadCurrentTree
6 silly install readLocalPackageData
7 silly fetchPackageMetaData hexo-generator-json-content
8 silly fetchNamedPackageData hexo-generator-json-content
9 silly mapToRegistry name hexo-generator-json-content
10 silly mapToRegistry using default registry
11 silly mapToRegistry registry https://registry.npmjs.org/
12 silly mapToRegistry data Result {
12 silly mapToRegistry   raw: 'hexo-generator-json-content',
12 silly mapToRegistry   scope: null,
12 silly mapToRegistry   name: 'hexo-generator-json-content',
12 silly mapToRegistry   rawSpec: '',
12 silly mapToRegistry   spec: 'latest',
12 silly mapToRegistry   type: 'tag' }
13 silly mapToRegistry uri https://registry.npmjs.org/hexo-generator-json-content
14 verbose request uri https://registry.npmjs.org/hexo-generator-json-content
15 verbose request no auth needed
16 info attempt registry request try #1 at 5:49:09 am
17 verbose request id 06df3f4398918312
18 http request GET https://registry.npmjs.org/hexo-generator-json-content
19 http 200 https://registry.npmjs.org/hexo-generator-json-content
20 verbose headers { server: 'CouchDB/1.5.0 (Erlang OTP/R16B03)',
20 verbose headers   etag: '"DZXZF1NWT7S52YKRP1SL7QEXQ"',
20 verbose headers   'content-type': 'application/json',
20 verbose headers   'cache-control': 'max-age=300',
20 verbose headers   'content-length': '27685',
20 verbose headers   'accept-ranges': 'bytes',
20 verbose headers   date: 'Mon, 18 Apr 2016 19:49:27 GMT',
20 verbose headers   via: '1.1 varnish',
20 verbose headers   age: '14',
20 verbose headers   connection: 'keep-alive',
20 verbose headers   'x-served-by': 'cache-bne7723-BNE',
20 verbose headers   'x-cache': 'HIT',
20 verbose headers   'x-cache-hits': '1',
20 verbose headers   'x-timer': 'S1461008967.313632,VS0,VE0',
20 verbose headers   vary: 'Accept-Encoding' }
21 silly get cb [ 200,
21 silly get   { server: 'CouchDB/1.5.0 (Erlang OTP/R16B03)',
21 silly get     etag: '"DZXZF1NWT7S52YKRP1SL7QEXQ"',
21 silly get     'content-type': 'application/json',
21 silly get     'cache-control': 'max-age=300',
21 silly get     'content-length': '27685',
21 silly get     'accept-ranges': 'bytes',
21 silly get     date: 'Mon, 18 Apr 2016 19:49:27 GMT',
21 silly get     via: '1.1 varnish',
21 silly get     age: '14',
21 silly get     connection: 'keep-alive',
21 silly get     'x-served-by': 'cache-bne7723-BNE',
21 silly get     'x-cache': 'HIT',
21 silly get     'x-cache-hits': '1',
21 silly get     'x-timer': 'S1461008967.313632,VS0,VE0',
21 silly get     vary: 'Accept-Encoding' } ]
22 verbose get saving hexo-generator-json-content to /root/.npm/registry.npmjs.org/hexo-generator-json-content/.cache.json
23 verbose correctMkdir /root/.npm correctMkdir not in flight; initializing
24 silly install normalizeTree
25 silly loadCurrentTree Finishing
26 silly loadIdealTree Starting
27 silly install loadIdealTree
28 silly cloneCurrentTree Starting
29 silly install cloneCurrentTreeToIdealTree
30 silly cloneCurrentTree Finishing
31 silly loadShrinkwrap Starting
32 silly install loadShrinkwrap
33 silly loadShrinkwrap Finishing
34 silly loadAllDepsIntoIdealTree Starting
35 silly install loadAllDepsIntoIdealTree
36 silly resolveWithNewModule hexo-generator-json-content@2.1.2 checking installable status
37 silly cache add args [ 'hexo-generator-json-content', null ]
38 verbose cache add spec hexo-generator-json-content
39 silly cache add parsed spec Result {
39 silly cache add   raw: 'hexo-generator-json-content',
39 silly cache add   scope: null,
39 silly cache add   name: 'hexo-generator-json-content',
39 silly cache add   rawSpec: '',
39 silly cache add   spec: 'latest',
39 silly cache add   type: 'tag' }
40 silly addNamed hexo-generator-json-content@latest
41 verbose addNamed "latest" is being treated as a dist-tag for hexo-generator-json-content
42 info addNameTag [ 'hexo-generator-json-content', 'latest' ]
43 silly mapToRegistry name hexo-generator-json-content
44 silly mapToRegistry using default registry
45 silly mapToRegistry registry https://registry.npmjs.org/
46 silly mapToRegistry data Result {
46 silly mapToRegistry   raw: 'hexo-generator-json-content',
46 silly mapToRegistry   scope: null,
46 silly mapToRegistry   name: 'hexo-generator-json-content',
46 silly mapToRegistry   rawSpec: '',
46 silly mapToRegistry   spec: 'latest',
46 silly mapToRegistry   type: 'tag' }
47 silly mapToRegistry uri https://registry.npmjs.org/hexo-generator-json-content
48 verbose addNameTag registry:https://registry.npmjs.org/hexo-generator-json-content not in flight; fetching
49 verbose get https://registry.npmjs.org/hexo-generator-json-content not expired, no request
50 silly addNameTag next cb for hexo-generator-json-content with tag latest
51 silly addNamed hexo-generator-json-content@2.1.2
52 verbose addNamed "2.1.2" is a plain semver version for hexo-generator-json-content
53 silly mapToRegistry name hexo-generator-json-content
54 silly mapToRegistry using default registry
55 silly mapToRegistry registry https://registry.npmjs.org/
56 silly mapToRegistry data Result {
56 silly mapToRegistry   raw: 'hexo-generator-json-content',
56 silly mapToRegistry   scope: null,
56 silly mapToRegistry   name: 'hexo-generator-json-content',
56 silly mapToRegistry   rawSpec: '',
56 silly mapToRegistry   spec: 'latest',
56 silly mapToRegistry   type: 'tag' }
57 silly mapToRegistry uri https://registry.npmjs.org/hexo-generator-json-content
58 verbose addRemoteTarball https://registry.npmjs.org/hexo-generator-json-content/-/hexo-generator-json-content-2.1.2.tgz not in flight; adding
59 verbose addRemoteTarball [ 'https://registry.npmjs.org/hexo-generator-json-content/-/hexo-generator-json-content-2.1.2.tgz',
59 verbose addRemoteTarball   '5d163d2e27e3b9d9b2cdd4a34e1bd55d24f4b207' ]
60 info retry fetch attempt 1 at 5:49:10 am
61 info attempt registry request try #1 at 5:49:10 am
62 http fetch GET https://registry.npmjs.org/hexo-generator-json-content/-/hexo-generator-json-content-2.1.2.tgz
63 http fetch 200 https://registry.npmjs.org/hexo-generator-json-content/-/hexo-generator-json-content-2.1.2.tgz
64 silly fetchAndShaCheck shasum 5d163d2e27e3b9d9b2cdd4a34e1bd55d24f4b207
65 verbose addTmpTarball /tmp/npm-23461-e9642b27/registry.npmjs.org/hexo-generator-json-content/-/hexo-generator-json-content-2.1.2.tgz not in flight; adding
66 verbose addTmpTarball already have metadata; skipping unpack for hexo-generator-json-content@2.1.2
67 verbose correctMkdir /root/.npm correctMkdir not in flight; initializing
68 silly cache afterAdd hexo-generator-json-content@2.1.2
69 verbose afterAdd /root/.npm/hexo-generator-json-content/2.1.2/package/package.json not in flight; writing
70 verbose correctMkdir /root/.npm correctMkdir not in flight; initializing
71 verbose afterAdd /root/.npm/hexo-generator-json-content/2.1.2/package/package.json written
72 silly fetchNamedPackageData hexo-util
73 silly mapToRegistry name hexo-util
74 silly mapToRegistry using default registry
75 silly mapToRegistry registry https://registry.npmjs.org/
76 silly mapToRegistry data Result {
76 silly mapToRegistry   raw: 'hexo-util',
76 silly mapToRegistry   scope: null,
76 silly mapToRegistry   name: 'hexo-util',
76 silly mapToRegistry   rawSpec: '',
76 silly mapToRegistry   spec: 'latest',
76 silly mapToRegistry   type: 'tag' }
77 silly mapToRegistry uri https://registry.npmjs.org/hexo-util
78 silly fetchNamedPackageData keyword-extractor
79 silly mapToRegistry name keyword-extractor
80 silly mapToRegistry using default registry
81 silly mapToRegistry registry https://registry.npmjs.org/
82 silly mapToRegistry data Result {
82 silly mapToRegistry   raw: 'keyword-extractor',
82 silly mapToRegistry   scope: null,
82 silly mapToRegistry   name: 'keyword-extractor',
82 silly mapToRegistry   rawSpec: '',
82 silly mapToRegistry   spec: 'latest',
82 silly mapToRegistry   type: 'tag' }
83 silly mapToRegistry uri https://registry.npmjs.org/keyword-extractor
84 verbose request uri https://registry.npmjs.org/keyword-extractor
85 verbose request no auth needed
86 info attempt registry request try #1 at 5:49:10 am
87 http request GET https://registry.npmjs.org/keyword-extractor
88 verbose request uri https://registry.npmjs.org/hexo-util
89 verbose request no auth needed
90 info attempt registry request try #1 at 5:49:10 am
91 verbose etag "2GPEJ9DBLPYIBRGBEI2K4TEGC"
92 http request GET https://registry.npmjs.org/hexo-util
93 http 200 https://registry.npmjs.org/keyword-extractor
94 verbose headers { server: 'CouchDB/1.5.0 (Erlang OTP/R16B03)',
94 verbose headers   etag: '"47O0M5W04AVEXNK48L85LRBW0"',
94 verbose headers   'content-type': 'application/json',
94 verbose headers   'content-encoding': 'gzip',
94 verbose headers   'cache-control': 'max-age=300',
94 verbose headers   'content-length': '3210',
94 verbose headers   'accept-ranges': 'bytes',
94 verbose headers   date: 'Mon, 18 Apr 2016 19:49:28 GMT',
94 verbose headers   via: '1.1 varnish',
94 verbose headers   age: '14',
94 verbose headers   connection: 'keep-alive',
94 verbose headers   'x-served-by': 'cache-bne7723-BNE',
94 verbose headers   'x-cache': 'HIT',
94 verbose headers   'x-cache-hits': '1',
94 verbose headers   'x-timer': 'S1461008968.025622,VS0,VE0',
94 verbose headers   vary: 'Accept-Encoding' }
95 silly get cb [ 200,
95 silly get   { server: 'CouchDB/1.5.0 (Erlang OTP/R16B03)',
95 silly get     etag: '"47O0M5W04AVEXNK48L85LRBW0"',
95 silly get     'content-type': 'application/json',
95 silly get     'content-encoding': 'gzip',
95 silly get     'cache-control': 'max-age=300',
95 silly get     'content-length': '3210',
95 silly get     'accept-ranges': 'bytes',
95 silly get     date: 'Mon, 18 Apr 2016 19:49:28 GMT',
95 silly get     via: '1.1 varnish',
95 silly get     age: '14',
95 silly get     connection: 'keep-alive',
95 silly get     'x-served-by': 'cache-bne7723-BNE',
95 silly get     'x-cache': 'HIT',
95 silly get     'x-cache-hits': '1',
95 silly get     'x-timer': 'S1461008968.025622,VS0,VE0',
95 silly get     vary: 'Accept-Encoding' } ]
96 verbose get saving keyword-extractor to /root/.npm/registry.npmjs.org/keyword-extractor/.cache.json
97 verbose correctMkdir /root/.npm correctMkdir not in flight; initializing
98 silly resolveWithNewModule keyword-extractor@0.0.12 checking installable status
99 silly cache add args [ 'keyword-extractor@latest', null ]
100 verbose cache add spec keyword-extractor@latest
101 silly cache add parsed spec Result {
101 silly cache add   raw: 'keyword-extractor@latest',
101 silly cache add   scope: null,
101 silly cache add   name: 'keyword-extractor',
101 silly cache add   rawSpec: 'latest',
101 silly cache add   spec: 'latest',
101 silly cache add   type: 'tag' }
102 silly addNamed keyword-extractor@latest
103 verbose addNamed "latest" is being treated as a dist-tag for keyword-extractor
104 info addNameTag [ 'keyword-extractor', 'latest' ]
105 silly mapToRegistry name keyword-extractor
106 silly mapToRegistry using default registry
107 silly mapToRegistry registry https://registry.npmjs.org/
108 silly mapToRegistry data Result {
108 silly mapToRegistry   raw: 'keyword-extractor',
108 silly mapToRegistry   scope: null,
108 silly mapToRegistry   name: 'keyword-extractor',
108 silly mapToRegistry   rawSpec: '',
108 silly mapToRegistry   spec: 'latest',
108 silly mapToRegistry   type: 'tag' }
109 silly mapToRegistry uri https://registry.npmjs.org/keyword-extractor
110 verbose addNameTag registry:https://registry.npmjs.org/keyword-extractor not in flight; fetching
111 verbose get https://registry.npmjs.org/keyword-extractor not expired, no request
112 silly addNameTag next cb for keyword-extractor with tag latest
113 silly addNamed keyword-extractor@0.0.12
114 verbose addNamed "0.0.12" is a plain semver version for keyword-extractor
115 silly mapToRegistry name keyword-extractor
116 silly mapToRegistry using default registry
117 silly mapToRegistry registry https://registry.npmjs.org/
118 silly mapToRegistry data Result {
118 silly mapToRegistry   raw: 'keyword-extractor',
118 silly mapToRegistry   scope: null,
118 silly mapToRegistry   name: 'keyword-extractor',
118 silly mapToRegistry   rawSpec: '',
118 silly mapToRegistry   spec: 'latest',
118 silly mapToRegistry   type: 'tag' }
119 silly mapToRegistry uri https://registry.npmjs.org/keyword-extractor
120 verbose addRemoteTarball https://registry.npmjs.org/keyword-extractor/-/keyword-extractor-0.0.12.tgz not in flight; adding
121 verbose addRemoteTarball [ 'https://registry.npmjs.org/keyword-extractor/-/keyword-extractor-0.0.12.tgz',
121 verbose addRemoteTarball   '54192f9647093b126bd204d6530025c8b4713cc6' ]
122 info retry fetch attempt 1 at 5:49:10 am
123 info attempt registry request try #1 at 5:49:10 am
124 http fetch GET https://registry.npmjs.org/keyword-extractor/-/keyword-extractor-0.0.12.tgz
125 http fetch 200 https://registry.npmjs.org/keyword-extractor/-/keyword-extractor-0.0.12.tgz
126 silly fetchAndShaCheck shasum 54192f9647093b126bd204d6530025c8b4713cc6
127 verbose addTmpTarball /tmp/npm-23461-e9642b27/registry.npmjs.org/keyword-extractor/-/keyword-extractor-0.0.12.tgz not in flight; adding
128 verbose addTmpTarball already have metadata; skipping unpack for keyword-extractor@0.0.12
129 verbose correctMkdir /root/.npm correctMkdir not in flight; initializing
130 silly cache afterAdd keyword-extractor@0.0.12
131 verbose afterAdd /root/.npm/keyword-extractor/0.0.12/package/package.json not in flight; writing
132 verbose correctMkdir /root/.npm correctMkdir not in flight; initializing
133 verbose afterAdd /root/.npm/keyword-extractor/0.0.12/package/package.json written
134 http 304 https://registry.npmjs.org/hexo-util
135 verbose headers { date: 'Mon, 18 Apr 2016 19:49:28 GMT',
135 verbose headers   via: '1.1 varnish',
135 verbose headers   'cache-control': 'max-age=300',
135 verbose headers   etag: '"2GPEJ9DBLPYIBRGBEI2K4TEGC"',
135 verbose headers   age: '14',
135 verbose headers   connection: 'keep-alive',
135 verbose headers   'x-served-by': 'cache-bne7720-BNE',
135 verbose headers   'x-cache': 'HIT',
135 verbose headers   'x-cache-hits': '1',
135 verbose headers   'x-timer': 'S1461008968.078314,VS0,VE0',
135 verbose headers   vary: 'Accept-Encoding' }
136 silly get cb [ 304,
136 silly get   { date: 'Mon, 18 Apr 2016 19:49:28 GMT',
136 silly get     via: '1.1 varnish',
136 silly get     'cache-control': 'max-age=300',
136 silly get     etag: '"2GPEJ9DBLPYIBRGBEI2K4TEGC"',
136 silly get     age: '14',
136 silly get     connection: 'keep-alive',
136 silly get     'x-served-by': 'cache-bne7720-BNE',
136 silly get     'x-cache': 'HIT',
136 silly get     'x-cache-hits': '1',
136 silly get     'x-timer': 'S1461008968.078314,VS0,VE0',
136 silly get     vary: 'Accept-Encoding' } ]
137 verbose etag https://registry.npmjs.org/hexo-util from cache
138 verbose get saving hexo-util to /root/.npm/registry.npmjs.org/hexo-util/.cache.json
139 verbose correctMkdir /root/.npm correctMkdir not in flight; initializing
140 silly resolveWithNewModule hexo-util@0.5.3 checking installable status
141 silly cache add args [ 'hexo-util@latest', null ]
142 verbose cache add spec hexo-util@latest
143 silly cache add parsed spec Result {
143 silly cache add   raw: 'hexo-util@latest',
143 silly cache add   scope: null,
143 silly cache add   name: 'hexo-util',
143 silly cache add   rawSpec: 'latest',
143 silly cache add   spec: 'latest',
143 silly cache add   type: 'tag' }
144 silly addNamed hexo-util@latest
145 verbose addNamed "latest" is being treated as a dist-tag for hexo-util
146 info addNameTag [ 'hexo-util', 'latest' ]
147 silly mapToRegistry name hexo-util
148 silly mapToRegistry using default registry
149 silly mapToRegistry registry https://registry.npmjs.org/
150 silly mapToRegistry data Result {
150 silly mapToRegistry   raw: 'hexo-util',
150 silly mapToRegistry   scope: null,
150 silly mapToRegistry   name: 'hexo-util',
150 silly mapToRegistry   rawSpec: '',
150 silly mapToRegistry   spec: 'latest',
150 silly mapToRegistry   type: 'tag' }
151 silly mapToRegistry uri https://registry.npmjs.org/hexo-util
152 verbose addNameTag registry:https://registry.npmjs.org/hexo-util not in flight; fetching
153 verbose get https://registry.npmjs.org/hexo-util not expired, no request
154 silly addNameTag next cb for hexo-util with tag latest
155 silly addNamed hexo-util@0.5.3
156 verbose addNamed "0.5.3" is a plain semver version for hexo-util
157 silly cache afterAdd hexo-util@0.5.3
158 verbose afterAdd /root/.npm/hexo-util/0.5.3/package/package.json not in flight; writing
159 verbose correctMkdir /root/.npm correctMkdir not in flight; initializing
160 verbose afterAdd /root/.npm/hexo-util/0.5.3/package/package.json written
161 silly fetchNamedPackageData underscore
162 silly mapToRegistry name underscore
163 silly mapToRegistry using default registry
164 silly mapToRegistry registry https://registry.npmjs.org/
165 silly mapToRegistry data Result {
165 silly mapToRegistry   raw: 'underscore',
165 silly mapToRegistry   scope: null,
165 silly mapToRegistry   name: 'underscore',
165 silly mapToRegistry   rawSpec: '',
165 silly mapToRegistry   spec: 'latest',
165 silly mapToRegistry   type: 'tag' }
166 silly mapToRegistry uri https://registry.npmjs.org/underscore
167 silly fetchNamedPackageData underscore.string
168 silly mapToRegistry name underscore.string
169 silly mapToRegistry using default registry
170 silly mapToRegistry registry https://registry.npmjs.org/
171 silly mapToRegistry data Result {
171 silly mapToRegistry   raw: 'underscore.string',
171 silly mapToRegistry   scope: null,
171 silly mapToRegistry   name: 'underscore.string',
171 silly mapToRegistry   rawSpec: '',
171 silly mapToRegistry   spec: 'latest',
171 silly mapToRegistry   type: 'tag' }
172 silly mapToRegistry uri https://registry.npmjs.org/underscore.string
173 verbose request uri https://registry.npmjs.org/underscore.string
174 verbose request no auth needed
175 info attempt registry request try #1 at 5:49:10 am
176 http request GET https://registry.npmjs.org/underscore.string
177 verbose request uri https://registry.npmjs.org/underscore
178 verbose request no auth needed
179 info attempt registry request try #1 at 5:49:10 am
180 verbose etag "2V52DMICFOX10TYF8N7Y9WYID"
181 http request GET https://registry.npmjs.org/underscore
182 http 200 https://registry.npmjs.org/underscore.string
183 verbose headers { server: 'CouchDB/1.5.0 (Erlang OTP/R16B03)',
183 verbose headers   etag: '"EABAEI1K29C2B7W13RB4DA9CY"',
183 verbose headers   'content-type': 'application/json',
183 verbose headers   'content-encoding': 'gzip',
183 verbose headers   'cache-control': 'max-age=300',
183 verbose headers   'content-length': '14665',
183 verbose headers   'accept-ranges': 'bytes',
183 verbose headers   date: 'Mon, 18 Apr 2016 19:49:28 GMT',
183 verbose headers   via: '1.1 varnish',
183 verbose headers   age: '13',
183 verbose headers   connection: 'keep-alive',
183 verbose headers   'x-served-by': 'cache-bne7723-BNE',
183 verbose headers   'x-cache': 'HIT',
183 verbose headers   'x-cache-hits': '1',
183 verbose headers   'x-timer': 'S1461008968.225693,VS0,VE0',
183 verbose headers   vary: 'Accept-Encoding' }
184 silly get cb [ 200,
184 silly get   { server: 'CouchDB/1.5.0 (Erlang OTP/R16B03)',
184 silly get     etag: '"EABAEI1K29C2B7W13RB4DA9CY"',
184 silly get     'content-type': 'application/json',
184 silly get     'content-encoding': 'gzip',
184 silly get     'cache-control': 'max-age=300',
184 silly get     'content-length': '14665',
184 silly get     'accept-ranges': 'bytes',
184 silly get     date: 'Mon, 18 Apr 2016 19:49:28 GMT',
184 silly get     via: '1.1 varnish',
184 silly get     age: '13',
184 silly get     connection: 'keep-alive',
184 silly get     'x-served-by': 'cache-bne7723-BNE',
184 silly get     'x-cache': 'HIT',
184 silly get     'x-cache-hits': '1',
184 silly get     'x-timer': 'S1461008968.225693,VS0,VE0',
184 silly get     vary: 'Accept-Encoding' } ]
185 verbose get saving underscore.string to /root/.npm/registry.npmjs.org/underscore.string/.cache.json
186 verbose correctMkdir /root/.npm correctMkdir not in flight; initializing
187 silly resolveWithNewModule underscore.string@2.3.3 checking installable status
188 silly cache add args [ 'underscore.string@2.3.3', null ]
189 verbose cache add spec underscore.string@2.3.3
190 silly cache add parsed spec Result {
190 silly cache add   raw: 'underscore.string@2.3.3',
190 silly cache add   scope: null,
190 silly cache add   name: 'underscore.string',
190 silly cache add   rawSpec: '2.3.3',
190 silly cache add   spec: '2.3.3',
190 silly cache add   type: 'version' }
191 silly addNamed underscore.string@2.3.3
192 verbose addNamed "2.3.3" is a plain semver version for underscore.string
193 silly mapToRegistry name underscore.string
194 silly mapToRegistry using default registry
195 silly mapToRegistry registry https://registry.npmjs.org/
196 silly mapToRegistry data Result {
196 silly mapToRegistry   raw: 'underscore.string',
196 silly mapToRegistry   scope: null,
196 silly mapToRegistry   name: 'underscore.string',
196 silly mapToRegistry   rawSpec: '',
196 silly mapToRegistry   spec: 'latest',
196 silly mapToRegistry   type: 'tag' }
197 silly mapToRegistry uri https://registry.npmjs.org/underscore.string
198 verbose addNameVersion registry:https://registry.npmjs.org/underscore.string not in flight; fetching
199 verbose get https://registry.npmjs.org/underscore.string not expired, no request
200 silly mapToRegistry name underscore.string
201 silly mapToRegistry using default registry
202 silly mapToRegistry registry https://registry.npmjs.org/
203 silly mapToRegistry data Result {
203 silly mapToRegistry   raw: 'underscore.string',
203 silly mapToRegistry   scope: null,
203 silly mapToRegistry   name: 'underscore.string',
203 silly mapToRegistry   rawSpec: '',
203 silly mapToRegistry   spec: 'latest',
203 silly mapToRegistry   type: 'tag' }
204 silly mapToRegistry uri https://registry.npmjs.org/underscore.string
205 verbose addRemoteTarball https://registry.npmjs.org/underscore.string/-/underscore.string-2.3.3.tgz not in flight; adding
206 verbose addRemoteTarball [ 'https://registry.npmjs.org/underscore.string/-/underscore.string-2.3.3.tgz',
206 verbose addRemoteTarball   '71c08bf6b428b1133f37e78fa3a21c82f7329b0d' ]
207 info retry fetch attempt 1 at 5:49:10 am
208 info attempt registry request try #1 at 5:49:10 am
209 http fetch GET https://registry.npmjs.org/underscore.string/-/underscore.string-2.3.3.tgz
210 http 200 https://registry.npmjs.org/underscore
211 verbose headers { server: 'CouchDB/1.5.0 (Erlang OTP/R16B03)',
211 verbose headers   etag: '"ER8JDB24RR2GS3ZO1BY215BFA"',
211 verbose headers   'content-type': 'application/json',
211 verbose headers   'content-encoding': 'gzip',
211 verbose headers   'cache-control': 'max-age=300',
211 verbose headers   'content-length': '7722',
211 verbose headers   'accept-ranges': 'bytes',
211 verbose headers   date: 'Mon, 18 Apr 2016 19:49:28 GMT',
211 verbose headers   via: '1.1 varnish',
211 verbose headers   age: '13',
211 verbose headers   connection: 'keep-alive',
211 verbose headers   'x-served-by': 'cache-bne7720-BNE',
211 verbose headers   'x-cache': 'HIT',
211 verbose headers   'x-cache-hits': '1',
211 verbose headers   'x-timer': 'S1461008968.244230,VS0,VE0',
211 verbose headers   vary: 'Accept-Encoding' }
212 silly get cb [ 200,
212 silly get   { server: 'CouchDB/1.5.0 (Erlang OTP/R16B03)',
212 silly get     etag: '"ER8JDB24RR2GS3ZO1BY215BFA"',
212 silly get     'content-type': 'application/json',
212 silly get     'content-encoding': 'gzip',
212 silly get     'cache-control': 'max-age=300',
212 silly get     'content-length': '7722',
212 silly get     'accept-ranges': 'bytes',
212 silly get     date: 'Mon, 18 Apr 2016 19:49:28 GMT',
212 silly get     via: '1.1 varnish',
212 silly get     age: '13',
212 silly get     connection: 'keep-alive',
212 silly get     'x-served-by': 'cache-bne7720-BNE',
212 silly get     'x-cache': 'HIT',
212 silly get     'x-cache-hits': '1',
212 silly get     'x-timer': 'S1461008968.244230,VS0,VE0',
212 silly get     vary: 'Accept-Encoding' } ]
213 verbose get saving underscore to /root/.npm/registry.npmjs.org/underscore/.cache.json
214 verbose correctMkdir /root/.npm correctMkdir not in flight; initializing
215 silly resolveWithNewModule underscore@1.7.0 checking installable status
216 silly cache add args [ 'underscore@1.7.0', null ]
217 verbose cache add spec underscore@1.7.0
218 silly cache add parsed spec Result {
218 silly cache add   raw: 'underscore@1.7.0',
218 silly cache add   scope: null,
218 silly cache add   name: 'underscore',
218 silly cache add   rawSpec: '1.7.0',
218 silly cache add   spec: '1.7.0',
218 silly cache add   type: 'version' }
219 silly addNamed underscore@1.7.0
220 verbose addNamed "1.7.0" is a plain semver version for underscore
221 silly mapToRegistry name underscore
222 silly mapToRegistry using default registry
223 silly mapToRegistry registry https://registry.npmjs.org/
224 silly mapToRegistry data Result {
224 silly mapToRegistry   raw: 'underscore',
224 silly mapToRegistry   scope: null,
224 silly mapToRegistry   name: 'underscore',
224 silly mapToRegistry   rawSpec: '',
224 silly mapToRegistry   spec: 'latest',
224 silly mapToRegistry   type: 'tag' }
225 silly mapToRegistry uri https://registry.npmjs.org/underscore
226 verbose addNameVersion registry:https://registry.npmjs.org/underscore not in flight; fetching
227 verbose get https://registry.npmjs.org/underscore not expired, no request
228 silly mapToRegistry name underscore
229 silly mapToRegistry using default registry
230 silly mapToRegistry registry https://registry.npmjs.org/
231 silly mapToRegistry data Result {
231 silly mapToRegistry   raw: 'underscore',
231 silly mapToRegistry   scope: null,
231 silly mapToRegistry   name: 'underscore',
231 silly mapToRegistry   rawSpec: '',
231 silly mapToRegistry   spec: 'latest',
231 silly mapToRegistry   type: 'tag' }
232 silly mapToRegistry uri https://registry.npmjs.org/underscore
233 verbose addRemoteTarball https://registry.npmjs.org/underscore/-/underscore-1.7.0.tgz not in flight; adding
234 verbose addRemoteTarball [ 'https://registry.npmjs.org/underscore/-/underscore-1.7.0.tgz',
234 verbose addRemoteTarball   '6bbaf0877500d36be34ecaa584e0db9fef035209' ]
235 info retry fetch attempt 1 at 5:49:10 am
236 info attempt registry request try #1 at 5:49:10 am
237 http fetch GET https://registry.npmjs.org/underscore/-/underscore-1.7.0.tgz
238 http fetch 200 https://registry.npmjs.org/underscore/-/underscore-1.7.0.tgz
239 silly fetchAndShaCheck shasum 6bbaf0877500d36be34ecaa584e0db9fef035209
240 verbose addTmpTarball /tmp/npm-23461-e9642b27/registry.npmjs.org/underscore/-/underscore-1.7.0.tgz not in flight; adding
241 verbose addTmpTarball already have metadata; skipping unpack for underscore@1.7.0
242 verbose correctMkdir /root/.npm correctMkdir not in flight; initializing
243 silly cache afterAdd underscore@1.7.0
244 verbose afterAdd /root/.npm/underscore/1.7.0/package/package.json not in flight; writing
245 verbose correctMkdir /root/.npm correctMkdir not in flight; initializing
246 verbose afterAdd /root/.npm/underscore/1.7.0/package/package.json written
247 http fetch 200 https://registry.npmjs.org/underscore.string/-/underscore.string-2.3.3.tgz
248 silly fetchAndShaCheck shasum 71c08bf6b428b1133f37e78fa3a21c82f7329b0d
249 verbose addTmpTarball /tmp/npm-23461-e9642b27/registry.npmjs.org/underscore.string/-/underscore.string-2.3.3.tgz not in flight; adding
250 verbose addTmpTarball already have metadata; skipping unpack for underscore.string@2.3.3
251 verbose correctMkdir /root/.npm correctMkdir not in flight; initializing
252 silly cache afterAdd underscore.string@2.3.3
253 verbose afterAdd /root/.npm/underscore.string/2.3.3/package/package.json not in flight; writing
254 verbose correctMkdir /root/.npm correctMkdir not in flight; initializing
255 verbose afterAdd /root/.npm/underscore.string/2.3.3/package/package.json written
256 silly fetchNamedPackageData fsevents
257 silly mapToRegistry name fsevents
258 silly mapToRegistry using default registry
259 silly mapToRegistry registry https://registry.npmjs.org/
260 silly mapToRegistry data Result {
260 silly mapToRegistry   raw: 'fsevents',
260 silly mapToRegistry   scope: null,
260 silly mapToRegistry   name: 'fsevents',
260 silly mapToRegistry   rawSpec: '',
260 silly mapToRegistry   spec: 'latest',
260 silly mapToRegistry   type: 'tag' }
261 silly mapToRegistry uri https://registry.npmjs.org/fsevents
262 verbose request uri https://registry.npmjs.org/fsevents
263 verbose request no auth needed
264 info attempt registry request try #1 at 5:49:11 am
265 verbose etag "8PVGYBXJZ0N7A0VP5BLLIVEG2"
266 http request GET https://registry.npmjs.org/fsevents
267 http 304 https://registry.npmjs.org/fsevents
268 verbose headers { date: 'Mon, 18 Apr 2016 19:49:28 GMT',
268 verbose headers   via: '1.1 varnish',
268 verbose headers   'cache-control': 'max-age=300',
268 verbose headers   etag: '"8PVGYBXJZ0N7A0VP5BLLIVEG2"',
268 verbose headers   age: '12',
268 verbose headers   connection: 'keep-alive',
268 verbose headers   'x-served-by': 'cache-bne7720-BNE',
268 verbose headers   'x-cache': 'HIT',
268 verbose headers   'x-cache-hits': '1',
268 verbose headers   'x-timer': 'S1461008968.806220,VS0,VE0',
268 verbose headers   vary: 'Accept-Encoding' }
269 silly get cb [ 304,
269 silly get   { date: 'Mon, 18 Apr 2016 19:49:28 GMT',
269 silly get     via: '1.1 varnish',
269 silly get     'cache-control': 'max-age=300',
269 silly get     etag: '"8PVGYBXJZ0N7A0VP5BLLIVEG2"',
269 silly get     age: '12',
269 silly get     connection: 'keep-alive',
269 silly get     'x-served-by': 'cache-bne7720-BNE',
269 silly get     'x-cache': 'HIT',
269 silly get     'x-cache-hits': '1',
269 silly get     'x-timer': 'S1461008968.806220,VS0,VE0',
269 silly get     vary: 'Accept-Encoding' } ]
270 verbose etag https://registry.npmjs.org/fsevents from cache
271 verbose get saving fsevents to /root/.npm/registry.npmjs.org/fsevents/.cache.json
272 verbose correctMkdir /root/.npm correctMkdir not in flight; initializing
273 silly resolveWithNewModule fsevents@1.0.11 checking installable status
274 silly fetchNamedPackageData JSONStream
275 silly mapToRegistry name JSONStream
276 silly mapToRegistry using default registry
277 silly mapToRegistry registry https://registry.npmjs.org/
278 silly mapToRegistry data Result {
278 silly mapToRegistry   raw: 'JSONStream',
278 silly mapToRegistry   scope: null,
278 silly mapToRegistry   name: 'JSONStream',
278 silly mapToRegistry   rawSpec: '',
278 silly mapToRegistry   spec: 'latest',
278 silly mapToRegistry   type: 'tag' }
279 silly mapToRegistry uri https://registry.npmjs.org/JSONStream
280 verbose request uri https://registry.npmjs.org/JSONStream
281 verbose request no auth needed
282 info attempt registry request try #1 at 5:49:11 am
283 verbose etag "59ZL9DMDWLGZST9ALMF32HPS1"
284 http request GET https://registry.npmjs.org/JSONStream
285 http 304 https://registry.npmjs.org/JSONStream
286 verbose headers { date: 'Mon, 18 Apr 2016 19:49:29 GMT',
286 verbose headers   via: '1.1 varnish',
286 verbose headers   'cache-control': 'max-age=300',
286 verbose headers   etag: '"59ZL9DMDWLGZST9ALMF32HPS1"',
286 verbose headers   age: '12',
286 verbose headers   connection: 'keep-alive',
286 verbose headers   'x-served-by': 'cache-bne7723-BNE',
286 verbose headers   'x-cache': 'HIT',
286 verbose headers   'x-cache-hits': '1',
286 verbose headers   'x-timer': 'S1461008969.059705,VS0,VE0',
286 verbose headers   vary: 'Accept-Encoding' }
287 silly get cb [ 304,
287 silly get   { date: 'Mon, 18 Apr 2016 19:49:29 GMT',
287 silly get     via: '1.1 varnish',
287 silly get     'cache-control': 'max-age=300',
287 silly get     etag: '"59ZL9DMDWLGZST9ALMF32HPS1"',
287 silly get     age: '12',
287 silly get     connection: 'keep-alive',
287 silly get     'x-served-by': 'cache-bne7723-BNE',
287 silly get     'x-cache': 'HIT',
287 silly get     'x-cache-hits': '1',
287 silly get     'x-timer': 'S1461008969.059705,VS0,VE0',
287 silly get     vary: 'Accept-Encoding' } ]
288 verbose etag https://registry.npmjs.org/JSONStream from cache
289 verbose get saving JSONStream to /root/.npm/registry.npmjs.org/JSONStream/.cache.json
290 verbose correctMkdir /root/.npm correctMkdir not in flight; initializing
291 silly resolveWithNewModule JSONStream@1.1.1 checking installable status
292 silly cache add args [ 'JSONStream@^1.0.7', null ]
293 verbose cache add spec JSONStream@^1.0.7
294 silly cache add parsed spec Result {
294 silly cache add   raw: 'JSONStream@^1.0.7',
294 silly cache add   scope: null,
294 silly cache add   name: 'JSONStream',
294 silly cache add   rawSpec: '^1.0.7',
294 silly cache add   spec: '>=1.0.7 <2.0.0',
294 silly cache add   type: 'range' }
295 silly addNamed JSONStream@>=1.0.7 <2.0.0
296 verbose addNamed ">=1.0.7 <2.0.0" is a valid semver range for JSONStream
297 silly addNameRange { name: 'JSONStream', range: '>=1.0.7 <2.0.0', hasData: false }
298 silly mapToRegistry name JSONStream
299 silly mapToRegistry using default registry
300 silly mapToRegistry registry https://registry.npmjs.org/
301 silly mapToRegistry data Result {
301 silly mapToRegistry   raw: 'JSONStream',
301 silly mapToRegistry   scope: null,
301 silly mapToRegistry   name: 'JSONStream',
301 silly mapToRegistry   rawSpec: '',
301 silly mapToRegistry   spec: 'latest',
301 silly mapToRegistry   type: 'tag' }
302 silly mapToRegistry uri https://registry.npmjs.org/JSONStream
303 verbose addNameRange registry:https://registry.npmjs.org/JSONStream not in flight; fetching
304 verbose get https://registry.npmjs.org/JSONStream not expired, no request
305 silly addNameRange number 2 { name: 'JSONStream', range: '>=1.0.7 <2.0.0', hasData: true }
306 silly addNameRange versions [ 'JSONStream',
306 silly addNameRange   [ '0.0.0',
306 silly addNameRange     '0.1.0',
306 silly addNameRange     '0.1.1',
306 silly addNameRange     '0.1.2',
306 silly addNameRange     '0.1.3',
306 silly addNameRange     '0.2.0',
306 silly addNameRange     '0.2.1',
306 silly addNameRange     '0.2.2',
306 silly addNameRange     '0.2.3',
306 silly addNameRange     '0.3.0',
306 silly addNameRange     '0.3.1',
306 silly addNameRange     '0.3.2',
306 silly addNameRange     '0.3.3',
306 silly addNameRange     '0.4.0',
306 silly addNameRange     '0.4.1',
306 silly addNameRange     '0.4.2',
306 silly addNameRange     '0.4.3',
306 silly addNameRange     '0.4.4',
306 silly addNameRange     '0.5.0',
306 silly addNameRange     '0.6.0',
306 silly addNameRange     '0.6.1',
306 silly addNameRange     '0.6.2',
306 silly addNameRange     '0.6.3',
306 silly addNameRange     '0.6.4',
306 silly addNameRange     '0.7.0',
306 silly addNameRange     '0.7.1',
306 silly addNameRange     '0.8.0',
306 silly addNameRange     '0.7.2',
306 silly addNameRange     '0.7.3',
306 silly addNameRange     '0.7.4',
306 silly addNameRange     '0.8.1',
306 silly addNameRange     '0.8.2',
306 silly addNameRange     '0.8.3',
306 silly addNameRange     '0.8.4',
306 silly addNameRange     '0.9.0',
306 silly addNameRange     '0.10.0',
306 silly addNameRange     '1.0.2',
306 silly addNameRange     '1.0.3',
306 silly addNameRange     '1.0.4',
306 silly addNameRange     '1.0.5',
306 silly addNameRange     '1.0.6',
306 silly addNameRange     '1.0.7',
306 silly addNameRange     '1.1.1' ] ]
307 silly addNamed JSONStream@1.1.1
308 verbose addNamed "1.1.1" is a plain semver version for JSONStream
309 silly cache afterAdd JSONStream@1.1.1
310 verbose afterAdd /root/.npm/JSONStream/1.1.1/package/package.json not in flight; writing
311 verbose correctMkdir /root/.npm correctMkdir not in flight; initializing
312 verbose afterAdd /root/.npm/JSONStream/1.1.1/package/package.json written
313 silly loadAllDepsIntoIdealTree Finishing
314 silly idealTree:prePrune hexo-site@0.0.0
314 silly idealTree:prePrune ├── abab@1.0.3
314 silly idealTree:prePrune ├── abbrev@1.0.7
314 silly idealTree:prePrune ├── accepts@1.3.2
314 silly idealTree:prePrune ├── acorn-globals@1.0.9
314 silly idealTree:prePrune ├── acorn@2.7.0
314 silly idealTree:prePrune ├── amdefine@1.0.0
314 silly idealTree:prePrune ├── ansi-regex@2.0.0
314 silly idealTree:prePrune ├── ansi-styles@2.2.1
314 silly idealTree:prePrune ├── anymatch@1.3.0
314 silly idealTree:prePrune ├── archy@1.0.0
314 silly idealTree:prePrune ├── argparse@1.0.7
314 silly idealTree:prePrune ├── arr-diff@2.0.0
314 silly idealTree:prePrune ├── arr-flatten@1.0.1
314 silly idealTree:prePrune ├── array-unique@0.2.1
314 silly idealTree:prePrune ├── arrify@1.0.1
314 silly idealTree:prePrune ├── asap@2.0.3
314 silly idealTree:prePrune ├── asciidoctor.js@1.5.5-1
314 silly idealTree:prePrune ├── asn1@0.2.3
314 silly idealTree:prePrune ├── assert-plus@0.2.0
314 silly idealTree:prePrune ├── ast-types@0.8.16
314 silly idealTree:prePrune ├── async-each@1.0.0
314 silly idealTree:prePrune ├── async@1.5.2
314 silly idealTree:prePrune ├── aws-sign2@0.6.0
314 silly idealTree:prePrune ├── aws4@1.3.2
314 silly idealTree:prePrune ├── balanced-match@0.3.0
314 silly idealTree:prePrune ├── basic-auth@1.0.3
314 silly idealTree:prePrune ├── binary-extensions@1.4.0
314 silly idealTree:prePrune ├─┬ bl@1.1.2
314 silly idealTree:prePrune │ ├── isarray@1.0.0
314 silly idealTree:prePrune │ └── readable-stream@2.0.6
314 silly idealTree:prePrune ├── bluebird@3.3.5
314 silly idealTree:prePrune ├── boolbase@1.0.0
314 silly idealTree:prePrune ├── boom@2.10.1
314 silly idealTree:prePrune ├── brace-expansion@1.1.3
314 silly idealTree:prePrune ├── braces@1.8.3
314 silly idealTree:prePrune ├── browser-fingerprint@0.0.1
314 silly idealTree:prePrune ├── bunyan@1.8.0
314 silly idealTree:prePrune ├── bytes@2.2.0
314 silly idealTree:prePrune ├── camel-case@1.2.2
314 silly idealTree:prePrune ├── camelcase@2.1.1
314 silly idealTree:prePrune ├── caseless@0.11.0
314 silly idealTree:prePrune ├── chalk@1.1.3
314 silly idealTree:prePrune ├── cheerio@0.20.0
314 silly idealTree:prePrune ├── chokidar@1.4.3
314 silly idealTree:prePrune ├── cliui@3.2.0
314 silly idealTree:prePrune ├── code-point-at@1.0.0
314 silly idealTree:prePrune ├── combined-stream@1.0.5
314 silly idealTree:prePrune ├── commander@2.9.0
314 silly idealTree:prePrune ├── compressible@2.0.7
314 silly idealTree:prePrune ├── compression@1.6.1
314 silly idealTree:prePrune ├── concat-map@0.0.1
314 silly idealTree:prePrune ├─┬ concat-stream@1.5.1
314 silly idealTree:prePrune │ ├── isarray@1.0.0
314 silly idealTree:prePrune │ └── readable-stream@2.0.6
314 silly idealTree:prePrune ├── connect@3.4.1
314 silly idealTree:prePrune ├── core-js@1.2.6
314 silly idealTree:prePrune ├── core-util-is@1.0.2
314 silly idealTree:prePrune ├── cross-spawn-async@2.2.2
314 silly idealTree:prePrune ├── cross-spawn@2.2.3
314 silly idealTree:prePrune ├── cryptiles@2.0.5
314 silly idealTree:prePrune ├── css-parse@1.7.0
314 silly idealTree:prePrune ├── css-select@1.2.0
314 silly idealTree:prePrune ├── css-what@2.1.0
314 silly idealTree:prePrune ├── cssom@0.3.1
314 silly idealTree:prePrune ├── cssstyle@0.2.34
314 silly idealTree:prePrune ├── cuid@1.3.8
314 silly idealTree:prePrune ├─┬ dashdash@1.13.0
314 silly idealTree:prePrune │ └── assert-plus@1.0.0
314 silly idealTree:prePrune ├── debug@2.2.0
314 silly idealTree:prePrune ├── decamelize@1.2.0
314 silly idealTree:prePrune ├── deep-is@0.1.3
314 silly idealTree:prePrune ├── delayed-stream@1.0.0
314 silly idealTree:prePrune ├── depd@1.1.0
314 silly idealTree:prePrune ├── destroy@1.0.4
314 silly idealTree:prePrune ├─┬ dom-serializer@0.1.0
314 silly idealTree:prePrune │ └── domelementtype@1.1.3
314 silly idealTree:prePrune ├── domelementtype@1.3.0
314 silly idealTree:prePrune ├── domhandler@2.3.0
314 silly idealTree:prePrune ├── domutils@1.5.1
314 silly idealTree:prePrune ├── dtrace-provider@0.6.0
314 silly idealTree:prePrune ├── ecc-jsbn@0.1.1
314 silly idealTree:prePrune ├── ee-first@1.1.1
314 silly idealTree:prePrune ├── ejs@1.0.0
314 silly idealTree:prePrune ├── ent@2.2.0
314 silly idealTree:prePrune ├── entities@1.1.1
314 silly idealTree:prePrune ├── escape-html@1.0.3
314 silly idealTree:prePrune ├── escape-string-regexp@1.0.5
314 silly idealTree:prePrune ├── escodegen@1.8.0
314 silly idealTree:prePrune ├── esmangle-evaluator@1.0.0
314 silly idealTree:prePrune ├── esprima@2.7.2
314 silly idealTree:prePrune ├── estraverse@1.9.3
314 silly idealTree:prePrune ├── esutils@2.0.2
314 silly idealTree:prePrune ├── etag@1.7.0
314 silly idealTree:prePrune ├── expand-brackets@0.1.5
314 silly idealTree:prePrune ├── expand-range@1.8.1
314 silly idealTree:prePrune ├── extend@3.0.0
314 silly idealTree:prePrune ├── extglob@0.3.2
314 silly idealTree:prePrune ├── extsprintf@1.0.2
314 silly idealTree:prePrune ├─┬ falafel@1.2.0
314 silly idealTree:prePrune │ └── acorn@1.2.2
314 silly idealTree:prePrune ├── fast-levenshtein@1.1.3
314 silly idealTree:prePrune ├── filename-regex@2.0.0
314 silly idealTree:prePrune ├── fill-range@2.2.3
314 silly idealTree:prePrune ├── finalhandler@0.4.1
314 silly idealTree:prePrune ├── for-in@0.1.5
314 silly idealTree:prePrune ├── for-own@0.1.4
314 silly idealTree:prePrune ├── foreach@2.0.5
314 silly idealTree:prePrune ├── forever-agent@0.6.1
314 silly idealTree:prePrune ├── form-data@1.0.0-rc4
314 silly idealTree:prePrune ├── fresh@0.3.0
314 silly idealTree:prePrune ├── generate-function@2.0.0
314 silly idealTree:prePrune ├── generate-object-property@1.2.0
314 silly idealTree:prePrune ├── get-stdin@4.0.1
314 silly idealTree:prePrune ├── glob-base@0.3.0
314 silly idealTree:prePrune ├── glob-parent@2.0.0
314 silly idealTree:prePrune ├── glob@6.0.4
314 silly idealTree:prePrune ├── graceful-fs@4.1.3
314 silly idealTree:prePrune ├── graceful-readlink@1.0.1
314 silly idealTree:prePrune ├── har-validator@2.0.6
314 silly idealTree:prePrune ├── has-ansi@2.0.0
314 silly idealTree:prePrune ├── hawk@3.1.3
314 silly idealTree:prePrune ├── hexo-deployer-git@0.1.0
314 silly idealTree:prePrune ├── hexo-front-matter@0.2.2
314 silly idealTree:prePrune ├── hexo-fs@0.1.5
314 silly idealTree:prePrune ├─┬ hexo-generator-archive@0.1.4
314 silly idealTree:prePrune │ └── object-assign@2.1.1
314 silly idealTree:prePrune ├─┬ hexo-generator-category@0.1.3
314 silly idealTree:prePrune │ └── object-assign@2.1.1
314 silly idealTree:prePrune ├── hexo-generator-index@0.2.0
314 silly idealTree:prePrune ├─┬ hexo-generator-json-content@2.1.2
314 silly idealTree:prePrune │ └── hexo-util@0.5.3
314 silly idealTree:prePrune ├── hexo-generator-tag@0.2.0
314 silly idealTree:prePrune ├── hexo-i18n@0.2.1
314 silly idealTree:prePrune ├── hexo-log@0.1.2
314 silly idealTree:prePrune ├── hexo-pagination@0.0.2
314 silly idealTree:prePrune ├─┬ hexo-renderer-asciidoc@1.1.6
314 silly idealTree:prePrune │ ├── asciidoctor.js@1.5.4
314 silly idealTree:prePrune │ ├── bluebird@2.10.2
314 silly idealTree:prePrune │ ├── cheerio@0.19.0
314 silly idealTree:prePrune │ ├── css-select@1.0.0
314 silly idealTree:prePrune │ ├── css-what@1.0.0
314 silly idealTree:prePrune │ ├── domutils@1.4.3
314 silly idealTree:prePrune │ ├── hexo-util@0.1.7
314 silly idealTree:prePrune │ ├── highlight.js@8.9.1
314 silly idealTree:prePrune │ └── lodash@3.10.1
314 silly idealTree:prePrune ├── hexo-renderer-ejs@0.2.0
314 silly idealTree:prePrune ├── hexo-renderer-marked@0.2.10
314 silly idealTree:prePrune ├── hexo-renderer-stylus@0.3.1
314 silly idealTree:prePrune ├── hexo-server@0.2.0
314 silly idealTree:prePrune ├── hexo-util@0.5.3
314 silly idealTree:prePrune ├─┬ hexo@3.2.0
314 silly idealTree:prePrune │ └── hexo-cli@1.0.1
314 silly idealTree:prePrune ├── highlight.js@9.3.0
314 silly idealTree:prePrune ├── hoek@2.16.3
314 silly idealTree:prePrune ├── html-entities@1.2.0
314 silly idealTree:prePrune ├─┬ htmlparser2@3.8.3
314 silly idealTree:prePrune │ └── entities@1.0.0
314 silly idealTree:prePrune ├── http-errors@1.3.1
314 silly idealTree:prePrune ├── http-signature@1.1.1
314 silly idealTree:prePrune ├── inflight@1.0.4
314 silly idealTree:prePrune ├── inherits@2.0.1
314 silly idealTree:prePrune ├── inline-process-browser@2.0.1
314 silly idealTree:prePrune ├── invert-kv@1.0.0
314 silly idealTree:prePrune ├── is-absolute@0.1.7
314 silly idealTree:prePrune ├── is-binary-path@1.0.1
314 silly idealTree:prePrune ├── is-buffer@1.1.3
314 silly idealTree:prePrune ├── is-dotfile@1.0.2
314 silly idealTree:prePrune ├── is-equal-shallow@0.1.3
314 silly idealTree:prePrune ├── is-extendable@0.1.1
314 silly idealTree:prePrune ├── is-extglob@1.0.0
314 silly idealTree:prePrune ├── is-fullwidth-code-point@1.0.0
314 silly idealTree:prePrune ├── is-glob@2.0.1
314 silly idealTree:prePrune ├── is-my-json-valid@2.13.1
314 silly idealTree:prePrune ├── is-number@2.1.0
314 silly idealTree:prePrune ├─┬ is-plain-object@2.0.1
314 silly idealTree:prePrune │ └── isobject@1.0.2
314 silly idealTree:prePrune ├── is-posix-bracket@0.1.1
314 silly idealTree:prePrune ├── is-primitive@2.0.0
314 silly idealTree:prePrune ├── is-property@1.0.2
314 silly idealTree:prePrune ├── is-relative@0.1.3
314 silly idealTree:prePrune ├── is-typedarray@1.0.0
314 silly idealTree:prePrune ├── isarray@0.0.1
314 silly idealTree:prePrune ├── isexe@1.1.2
314 silly idealTree:prePrune ├── isobject@2.0.0
314 silly idealTree:prePrune ├── isstream@0.1.2
314 silly idealTree:prePrune ├── jodid25519@1.0.2
314 silly idealTree:prePrune ├── js-yaml@3.6.0
314 silly idealTree:prePrune ├── jsbn@0.1.0
314 silly idealTree:prePrune ├── jsdom@7.2.2
314 silly idealTree:prePrune ├── json-schema@0.2.2
314 silly idealTree:prePrune ├── json-stringify-safe@5.0.1
314 silly idealTree:prePrune ├── jsonparse@1.2.0
314 silly idealTree:prePrune ├── jsonpointer@2.0.0
314 silly idealTree:prePrune ├── JSONStream@1.0.6
314 silly idealTree:prePrune ├── jsprim@1.2.2
314 silly idealTree:prePrune ├── keyword-extractor@0.0.12
314 silly idealTree:prePrune ├── kind-of@3.0.2
314 silly idealTree:prePrune ├── lcid@1.0.0
314 silly idealTree:prePrune ├── levn@0.3.0
314 silly idealTree:prePrune ├── lodash@4.11.1
314 silly idealTree:prePrune ├── lower-case@1.1.3
314 silly idealTree:prePrune ├── lru-cache@4.0.1
314 silly idealTree:prePrune ├── markdown@0.5.0
314 silly idealTree:prePrune ├── marked@0.3.5
314 silly idealTree:prePrune ├── micromatch@2.3.7
314 silly idealTree:prePrune ├── mime-db@1.22.0
314 silly idealTree:prePrune ├── mime-types@2.1.10
314 silly idealTree:prePrune ├── mime@1.3.4
314 silly idealTree:prePrune ├── minimatch@3.0.0
314 silly idealTree:prePrune ├── minimist@1.2.0
314 silly idealTree:prePrune ├─┬ mkdirp@0.5.1
314 silly idealTree:prePrune │ └── minimist@0.0.8
314 silly idealTree:prePrune ├── moment-timezone@0.5.3
314 silly idealTree:prePrune ├── moment@2.11.2
314 silly idealTree:prePrune ├── morgan@1.7.0
314 silly idealTree:prePrune ├── ms@0.7.1
314 silly idealTree:prePrune ├── mv@2.1.1
314 silly idealTree:prePrune ├── nan@2.2.1
314 silly idealTree:prePrune ├── ncp@2.0.0
314 silly idealTree:prePrune ├── negotiator@0.6.0
314 silly idealTree:prePrune ├─┬ nib@1.1.0
314 silly idealTree:prePrune │ ├── glob@3.2.11
314 silly idealTree:prePrune │ ├── lru-cache@2.7.3
314 silly idealTree:prePrune │ ├── minimatch@0.3.0
314 silly idealTree:prePrune │ ├── mkdirp@0.3.5
314 silly idealTree:prePrune │ ├── sax@0.5.8
314 silly idealTree:prePrune │ ├── source-map@0.1.43
314 silly idealTree:prePrune │ └── stylus@0.49.3
314 silly idealTree:prePrune ├── node-fingerprint@0.0.2
314 silly idealTree:prePrune ├── node-uuid@1.4.7
314 silly idealTree:prePrune ├── nopt@2.1.2
314 silly idealTree:prePrune ├── normalize-path@2.0.1
314 silly idealTree:prePrune ├── nth-check@1.0.1
314 silly idealTree:prePrune ├── number-is-nan@1.0.0
314 silly idealTree:prePrune ├── nunjucks@2.4.2
314 silly idealTree:prePrune ├── nwmatcher@1.3.7
314 silly idealTree:prePrune ├── oauth-sign@0.8.1
314 silly idealTree:prePrune ├── object-assign@4.0.1
314 silly idealTree:prePrune ├── object-keys@1.0.9
314 silly idealTree:prePrune ├── object.omit@2.0.0
314 silly idealTree:prePrune ├── on-finished@2.3.0
314 silly idealTree:prePrune ├── on-headers@1.0.1
314 silly idealTree:prePrune ├── once@1.3.3
314 silly idealTree:prePrune ├── opal-npm-wrapper@0.9.2
314 silly idealTree:prePrune ├── opn@4.0.1
314 silly idealTree:prePrune ├─┬ optimist@0.6.1
314 silly idealTree:prePrune │ ├── minimist@0.0.10
314 silly idealTree:prePrune │ └── wordwrap@0.0.3
314 silly idealTree:prePrune ├── optionator@0.8.1
314 silly idealTree:prePrune ├── os-homedir@1.0.1
314 silly idealTree:prePrune ├── os-locale@1.4.0
314 silly idealTree:prePrune ├── os-shim@0.1.3
314 silly idealTree:prePrune ├── parse-glob@3.0.4
314 silly idealTree:prePrune ├── parse5@1.5.1
314 silly idealTree:prePrune ├── parseurl@1.3.1
314 silly idealTree:prePrune ├── path-is-absolute@1.0.0
314 silly idealTree:prePrune ├── pinkie-promise@2.0.1
314 silly idealTree:prePrune ├── pinkie@2.0.4
314 silly idealTree:prePrune ├── prelude-ls@1.1.2
314 silly idealTree:prePrune ├── preserve@0.2.0
314 silly idealTree:prePrune ├── pretty-hrtime@1.0.2
314 silly idealTree:prePrune ├── private@0.1.6
314 silly idealTree:prePrune ├── process-nextick-args@1.0.6
314 silly idealTree:prePrune ├── pseudomap@1.0.2
314 silly idealTree:prePrune ├── qs@6.1.0
314 silly idealTree:prePrune ├── randomatic@1.1.5
314 silly idealTree:prePrune ├── range-parser@1.0.3
314 silly idealTree:prePrune ├── readable-stream@1.1.14
314 silly idealTree:prePrune ├─┬ readdirp@2.0.0
314 silly idealTree:prePrune │ ├── isarray@1.0.0
314 silly idealTree:prePrune │ ├── minimatch@2.0.10
314 silly idealTree:prePrune │ └── readable-stream@2.1.0
314 silly idealTree:prePrune ├─┬ recast@0.11.5
314 silly idealTree:prePrune │ └── source-map@0.5.3
314 silly idealTree:prePrune ├── regex-cache@0.4.3
314 silly idealTree:prePrune ├── repeat-element@1.1.2
314 silly idealTree:prePrune ├── repeat-string@1.5.4
314 silly idealTree:prePrune ├── request@2.72.0
314 silly idealTree:prePrune ├── rimraf@2.4.5
314 silly idealTree:prePrune ├── safe-json-stringify@1.0.3
314 silly idealTree:prePrune ├── sax@1.2.1
314 silly idealTree:prePrune ├── send@0.13.1
314 silly idealTree:prePrune ├── sentence-case@1.1.3
314 silly idealTree:prePrune ├── serve-static@1.10.2
314 silly idealTree:prePrune ├── sigmund@1.0.1
314 silly idealTree:prePrune ├── sntp@1.0.9
314 silly idealTree:prePrune ├── source-map@0.2.0
314 silly idealTree:prePrune ├── spawn-sync@1.0.15
314 silly idealTree:prePrune ├── sprintf-js@1.0.3
314 silly idealTree:prePrune ├── sshpk@1.7.4
314 silly idealTree:prePrune ├── statuses@1.2.1
314 silly idealTree:prePrune ├── string_decoder@0.10.31
314 silly idealTree:prePrune ├── string-width@1.0.1
314 silly idealTree:prePrune ├── stringstream@0.0.5
314 silly idealTree:prePrune ├── strip-ansi@3.0.1
314 silly idealTree:prePrune ├── strip-indent@1.0.1
314 silly idealTree:prePrune ├── striptags@2.1.1
314 silly idealTree:prePrune ├─┬ stylus@0.53.0
314 silly idealTree:prePrune │ ├── glob@3.2.11
314 silly idealTree:prePrune │ ├── lru-cache@2.7.3
314 silly idealTree:prePrune │ ├── minimatch@0.3.0
314 silly idealTree:prePrune │ ├── sax@0.5.8
314 silly idealTree:prePrune │ └── source-map@0.1.43
314 silly idealTree:prePrune ├── supports-color@2.0.0
314 silly idealTree:prePrune ├── swig-extras@0.0.1
314 silly idealTree:prePrune ├── swig@1.4.2
314 silly idealTree:prePrune ├── symbol-tree@3.1.4
314 silly idealTree:prePrune ├── text-table@0.2.0
314 silly idealTree:prePrune ├── through@2.3.8
314 silly idealTree:prePrune ├─┬ through2@0.6.5
314 silly idealTree:prePrune │ └── readable-stream@1.0.34
314 silly idealTree:prePrune ├── tildify@1.2.0
314 silly idealTree:prePrune ├── titlecase@1.1.2
314 silly idealTree:prePrune ├── tough-cookie@2.2.2
314 silly idealTree:prePrune ├── tr46@0.0.3
314 silly idealTree:prePrune ├── tunnel-agent@0.4.2
314 silly idealTree:prePrune ├── tweetnacl@0.14.3
314 silly idealTree:prePrune ├── type-check@0.3.2
314 silly idealTree:prePrune ├── typedarray@0.0.6
314 silly idealTree:prePrune ├─┬ uglify-js@2.4.24
314 silly idealTree:prePrune │ ├── async@0.2.10
314 silly idealTree:prePrune │ ├── camelcase@1.2.1
314 silly idealTree:prePrune │ ├── source-map@0.1.34
314 silly idealTree:prePrune │ ├── window-size@0.1.0
314 silly idealTree:prePrune │ ├── wordwrap@0.0.2
314 silly idealTree:prePrune │ └── yargs@3.5.4
314 silly idealTree:prePrune ├── uglify-to-browserify@1.0.2
314 silly idealTree:prePrune ├── underscore.string@2.3.3
314 silly idealTree:prePrune ├── underscore@1.7.0
314 silly idealTree:prePrune ├── unpipe@1.0.0
314 silly idealTree:prePrune ├── unreachable-branch-transform@0.5.1
314 silly idealTree:prePrune ├── upper-case@1.1.3
314 silly idealTree:prePrune ├── util-deprecate@1.0.2
314 silly idealTree:prePrune ├── utils-merge@1.0.0
314 silly idealTree:prePrune ├── vary@1.1.0
314 silly idealTree:prePrune ├── verror@1.3.6
314 silly idealTree:prePrune ├─┬ warehouse@2.2.0
314 silly idealTree:prePrune │ └── JSONStream@1.1.1
314 silly idealTree:prePrune ├── webidl-conversions@2.0.1
314 silly idealTree:prePrune ├── whatwg-url-compat@0.6.5
314 silly idealTree:prePrune ├── which@1.2.4
314 silly idealTree:prePrune ├── window-size@0.1.4
314 silly idealTree:prePrune ├── wordwrap@1.0.0
314 silly idealTree:prePrune ├── wrap-ansi@2.0.0
314 silly idealTree:prePrune ├── wrappy@1.0.1
314 silly idealTree:prePrune ├── xml-name-validator@2.0.1
314 silly idealTree:prePrune ├── xmlhttprequest@1.7.0
314 silly idealTree:prePrune ├── xtend@4.0.1
314 silly idealTree:prePrune ├── y18n@3.2.1
314 silly idealTree:prePrune ├── yallist@2.0.0
314 silly idealTree:prePrune └── yargs@3.32.0
315 silly loadIdealTree Finishing
316 silly currentTree hexo-site@0.0.0
316 silly currentTree ├── abab@1.0.3
316 silly currentTree ├── abbrev@1.0.7
316 silly currentTree ├── accepts@1.3.2
316 silly currentTree ├── acorn-globals@1.0.9
316 silly currentTree ├── acorn@2.7.0
316 silly currentTree ├── amdefine@1.0.0
316 silly currentTree ├── ansi-regex@2.0.0
316 silly currentTree ├── ansi-styles@2.2.1
316 silly currentTree ├── anymatch@1.3.0
316 silly currentTree ├── archy@1.0.0
316 silly currentTree ├── argparse@1.0.7
316 silly currentTree ├── arr-diff@2.0.0
316 silly currentTree ├── arr-flatten@1.0.1
316 silly currentTree ├── array-unique@0.2.1
316 silly currentTree ├── arrify@1.0.1
316 silly currentTree ├── asap@2.0.3
316 silly currentTree ├── asciidoctor.js@1.5.5-1
316 silly currentTree ├── asn1@0.2.3
316 silly currentTree ├── assert-plus@0.2.0
316 silly currentTree ├── ast-types@0.8.16
316 silly currentTree ├── async-each@1.0.0
316 silly currentTree ├── async@1.5.2
316 silly currentTree ├── aws-sign2@0.6.0
316 silly currentTree ├── aws4@1.3.2
316 silly currentTree ├── balanced-match@0.3.0
316 silly currentTree ├── basic-auth@1.0.3
316 silly currentTree ├── binary-extensions@1.4.0
316 silly currentTree ├─┬ bl@1.1.2
316 silly currentTree │ ├── isarray@1.0.0
316 silly currentTree │ └── readable-stream@2.0.6
316 silly currentTree ├── bluebird@3.3.5
316 silly currentTree ├── boolbase@1.0.0
316 silly currentTree ├── boom@2.10.1
316 silly currentTree ├── brace-expansion@1.1.3
316 silly currentTree ├── braces@1.8.3
316 silly currentTree ├── browser-fingerprint@0.0.1
316 silly currentTree ├── bunyan@1.8.0
316 silly currentTree ├── bytes@2.2.0
316 silly currentTree ├── camel-case@1.2.2
316 silly currentTree ├── camelcase@2.1.1
316 silly currentTree ├── caseless@0.11.0
316 silly currentTree ├── chalk@1.1.3
316 silly currentTree ├── cheerio@0.20.0
316 silly currentTree ├── chokidar@1.4.3
316 silly currentTree ├── cliui@3.2.0
316 silly currentTree ├── code-point-at@1.0.0
316 silly currentTree ├── combined-stream@1.0.5
316 silly currentTree ├── commander@2.9.0
316 silly currentTree ├── compressible@2.0.7
316 silly currentTree ├── compression@1.6.1
316 silly currentTree ├── concat-map@0.0.1
316 silly currentTree ├─┬ concat-stream@1.5.1
316 silly currentTree │ ├── isarray@1.0.0
316 silly currentTree │ └── readable-stream@2.0.6
316 silly currentTree ├── connect@3.4.1
316 silly currentTree ├── core-js@1.2.6
316 silly currentTree ├── core-util-is@1.0.2
316 silly currentTree ├── cross-spawn-async@2.2.2
316 silly currentTree ├── cross-spawn@2.2.3
316 silly currentTree ├── cryptiles@2.0.5
316 silly currentTree ├── css-parse@1.7.0
316 silly currentTree ├── css-select@1.2.0
316 silly currentTree ├── css-what@2.1.0
316 silly currentTree ├── cssom@0.3.1
316 silly currentTree ├── cssstyle@0.2.34
316 silly currentTree ├── cuid@1.3.8
316 silly currentTree ├─┬ dashdash@1.13.0
316 silly currentTree │ └── assert-plus@1.0.0
316 silly currentTree ├── debug@2.2.0
316 silly currentTree ├── decamelize@1.2.0
316 silly currentTree ├── deep-is@0.1.3
316 silly currentTree ├── delayed-stream@1.0.0
316 silly currentTree ├── depd@1.1.0
316 silly currentTree ├── destroy@1.0.4
316 silly currentTree ├─┬ dom-serializer@0.1.0
316 silly currentTree │ └── domelementtype@1.1.3
316 silly currentTree ├── domelementtype@1.3.0
316 silly currentTree ├── domhandler@2.3.0
316 silly currentTree ├── domutils@1.5.1
316 silly currentTree ├── dtrace-provider@0.6.0
316 silly currentTree ├── ecc-jsbn@0.1.1
316 silly currentTree ├── ee-first@1.1.1
316 silly currentTree ├── ejs@1.0.0
316 silly currentTree ├── ent@2.2.0
316 silly currentTree ├── entities@1.1.1
316 silly currentTree ├── escape-html@1.0.3
316 silly currentTree ├── escape-string-regexp@1.0.5
316 silly currentTree ├── escodegen@1.8.0
316 silly currentTree ├── esmangle-evaluator@1.0.0
316 silly currentTree ├── esprima@2.7.2
316 silly currentTree ├── estraverse@1.9.3
316 silly currentTree ├── esutils@2.0.2
316 silly currentTree ├── etag@1.7.0
316 silly currentTree ├── expand-brackets@0.1.5
316 silly currentTree ├── expand-range@1.8.1
316 silly currentTree ├── extend@3.0.0
316 silly currentTree ├── extglob@0.3.2
316 silly currentTree ├── extsprintf@1.0.2
316 silly currentTree ├─┬ falafel@1.2.0
316 silly currentTree │ └── acorn@1.2.2
316 silly currentTree ├── fast-levenshtein@1.1.3
316 silly currentTree ├── filename-regex@2.0.0
316 silly currentTree ├── fill-range@2.2.3
316 silly currentTree ├── finalhandler@0.4.1
316 silly currentTree ├── for-in@0.1.5
316 silly currentTree ├── for-own@0.1.4
316 silly currentTree ├── foreach@2.0.5
316 silly currentTree ├── forever-agent@0.6.1
316 silly currentTree ├── form-data@1.0.0-rc4
316 silly currentTree ├── fresh@0.3.0
316 silly currentTree ├── generate-function@2.0.0
316 silly currentTree ├── generate-object-property@1.2.0
316 silly currentTree ├── get-stdin@4.0.1
316 silly currentTree ├── glob-base@0.3.0
316 silly currentTree ├── glob-parent@2.0.0
316 silly currentTree ├── glob@6.0.4
316 silly currentTree ├── graceful-fs@4.1.3
316 silly currentTree ├── graceful-readlink@1.0.1
316 silly currentTree ├── har-validator@2.0.6
316 silly currentTree ├── has-ansi@2.0.0
316 silly currentTree ├── hawk@3.1.3
316 silly currentTree ├── hexo-deployer-git@0.1.0
316 silly currentTree ├── hexo-front-matter@0.2.2
316 silly currentTree ├── hexo-fs@0.1.5
316 silly currentTree ├─┬ hexo-generator-archive@0.1.4
316 silly currentTree │ └── object-assign@2.1.1
316 silly currentTree ├─┬ hexo-generator-category@0.1.3
316 silly currentTree │ └── object-assign@2.1.1
316 silly currentTree ├── hexo-generator-index@0.2.0
316 silly currentTree ├── hexo-generator-tag@0.2.0
316 silly currentTree ├── hexo-i18n@0.2.1
316 silly currentTree ├── hexo-log@0.1.2
316 silly currentTree ├── hexo-pagination@0.0.2
316 silly currentTree ├─┬ hexo-renderer-asciidoc@1.1.6
316 silly currentTree │ ├── asciidoctor.js@1.5.4
316 silly currentTree │ ├── bluebird@2.10.2
316 silly currentTree │ ├── cheerio@0.19.0
316 silly currentTree │ ├── css-select@1.0.0
316 silly currentTree │ ├── css-what@1.0.0
316 silly currentTree │ ├── domutils@1.4.3
316 silly currentTree │ ├── hexo-util@0.1.7
316 silly currentTree │ ├── highlight.js@8.9.1
316 silly currentTree │ └── lodash@3.10.1
316 silly currentTree ├── hexo-renderer-ejs@0.2.0
316 silly currentTree ├── hexo-renderer-marked@0.2.10
316 silly currentTree ├── hexo-renderer-stylus@0.3.1
316 silly currentTree ├── hexo-server@0.2.0
316 silly currentTree ├── hexo-util@0.5.3
316 silly currentTree ├─┬ hexo@3.2.0
316 silly currentTree │ └── hexo-cli@1.0.1
316 silly currentTree ├── highlight.js@9.3.0
316 silly currentTree ├── hoek@2.16.3
316 silly currentTree ├── html-entities@1.2.0
316 silly currentTree ├─┬ htmlparser2@3.8.3
316 silly currentTree │ └── entities@1.0.0
316 silly currentTree ├── http-errors@1.3.1
316 silly currentTree ├── http-signature@1.1.1
316 silly currentTree ├── inflight@1.0.4
316 silly currentTree ├── inherits@2.0.1
316 silly currentTree ├── inline-process-browser@2.0.1
316 silly currentTree ├── invert-kv@1.0.0
316 silly currentTree ├── is-absolute@0.1.7
316 silly currentTree ├── is-binary-path@1.0.1
316 silly currentTree ├── is-buffer@1.1.3
316 silly currentTree ├── is-dotfile@1.0.2
316 silly currentTree ├── is-equal-shallow@0.1.3
316 silly currentTree ├── is-extendable@0.1.1
316 silly currentTree ├── is-extglob@1.0.0
316 silly currentTree ├── is-fullwidth-code-point@1.0.0
316 silly currentTree ├── is-glob@2.0.1
316 silly currentTree ├── is-my-json-valid@2.13.1
316 silly currentTree ├── is-number@2.1.0
316 silly currentTree ├─┬ is-plain-object@2.0.1
316 silly currentTree │ └── isobject@1.0.2
316 silly currentTree ├── is-posix-bracket@0.1.1
316 silly currentTree ├── is-primitive@2.0.0
316 silly currentTree ├── is-property@1.0.2
316 silly currentTree ├── is-relative@0.1.3
316 silly currentTree ├── is-typedarray@1.0.0
316 silly currentTree ├── isarray@0.0.1
316 silly currentTree ├── isexe@1.1.2
316 silly currentTree ├── isobject@2.0.0
316 silly currentTree ├── isstream@0.1.2
316 silly currentTree ├── jodid25519@1.0.2
316 silly currentTree ├── js-yaml@3.6.0
316 silly currentTree ├── jsbn@0.1.0
316 silly currentTree ├── jsdom@7.2.2
316 silly currentTree ├── json-schema@0.2.2
316 silly currentTree ├── json-stringify-safe@5.0.1
316 silly currentTree ├── jsonparse@1.2.0
316 silly currentTree ├── jsonpointer@2.0.0
316 silly currentTree ├── JSONStream@1.0.6
316 silly currentTree ├── jsprim@1.2.2
316 silly currentTree ├── kind-of@3.0.2
316 silly currentTree ├── lcid@1.0.0
316 silly currentTree ├── levn@0.3.0
316 silly currentTree ├── lodash@4.11.1
316 silly currentTree ├── lower-case@1.1.3
316 silly currentTree ├── lru-cache@4.0.1
316 silly currentTree ├── markdown@0.5.0
316 silly currentTree ├── marked@0.3.5
316 silly currentTree ├── micromatch@2.3.7
316 silly currentTree ├── mime-db@1.22.0
316 silly currentTree ├── mime-types@2.1.10
316 silly currentTree ├── mime@1.3.4
316 silly currentTree ├── minimatch@3.0.0
316 silly currentTree ├── minimist@1.2.0
316 silly currentTree ├─┬ mkdirp@0.5.1
316 silly currentTree │ └── minimist@0.0.8
316 silly currentTree ├── moment-timezone@0.5.3
316 silly currentTree ├── moment@2.11.2
316 silly currentTree ├── morgan@1.7.0
316 silly currentTree ├── ms@0.7.1
316 silly currentTree ├── mv@2.1.1
316 silly currentTree ├── nan@2.2.1
316 silly currentTree ├── ncp@2.0.0
316 silly currentTree ├── negotiator@0.6.0
316 silly currentTree ├─┬ nib@1.1.0
316 silly currentTree │ ├── glob@3.2.11
316 silly currentTree │ ├── lru-cache@2.7.3
316 silly currentTree │ ├── minimatch@0.3.0
316 silly currentTree │ ├── mkdirp@0.3.5
316 silly currentTree │ ├── sax@0.5.8
316 silly currentTree │ ├── source-map@0.1.43
316 silly currentTree │ └── stylus@0.49.3
316 silly currentTree ├── node-fingerprint@0.0.2
316 silly currentTree ├── node-uuid@1.4.7
316 silly currentTree ├── nopt@2.1.2
316 silly currentTree ├── normalize-path@2.0.1
316 silly currentTree ├── nth-check@1.0.1
316 silly currentTree ├── number-is-nan@1.0.0
316 silly currentTree ├── nunjucks@2.4.2
316 silly currentTree ├── nwmatcher@1.3.7
316 silly currentTree ├── oauth-sign@0.8.1
316 silly currentTree ├── object-assign@4.0.1
316 silly currentTree ├── object-keys@1.0.9
316 silly currentTree ├── object.omit@2.0.0
316 silly currentTree ├── on-finished@2.3.0
316 silly currentTree ├── on-headers@1.0.1
316 silly currentTree ├── once@1.3.3
316 silly currentTree ├── opal-npm-wrapper@0.9.2
316 silly currentTree ├── opn@4.0.1
316 silly currentTree ├─┬ optimist@0.6.1
316 silly currentTree │ ├── minimist@0.0.10
316 silly currentTree │ └── wordwrap@0.0.3
316 silly currentTree ├── optionator@0.8.1
316 silly currentTree ├── os-homedir@1.0.1
316 silly currentTree ├── os-locale@1.4.0
316 silly currentTree ├── os-shim@0.1.3
316 silly currentTree ├── parse-glob@3.0.4
316 silly currentTree ├── parse5@1.5.1
316 silly currentTree ├── parseurl@1.3.1
316 silly currentTree ├── path-is-absolute@1.0.0
316 silly currentTree ├── pinkie-promise@2.0.1
316 silly currentTree ├── pinkie@2.0.4
316 silly currentTree ├── prelude-ls@1.1.2
316 silly currentTree ├── preserve@0.2.0
316 silly currentTree ├── pretty-hrtime@1.0.2
316 silly currentTree ├── private@0.1.6
316 silly currentTree ├── process-nextick-args@1.0.6
316 silly currentTree ├── pseudomap@1.0.2
316 silly currentTree ├── qs@6.1.0
316 silly currentTree ├── randomatic@1.1.5
316 silly currentTree ├── range-parser@1.0.3
316 silly currentTree ├── readable-stream@1.1.14
316 silly currentTree ├─┬ readdirp@2.0.0
316 silly currentTree │ ├── isarray@1.0.0
316 silly currentTree │ ├── minimatch@2.0.10
316 silly currentTree │ └── readable-stream@2.1.0
316 silly currentTree ├─┬ recast@0.11.5
316 silly currentTree │ └── source-map@0.5.3
316 silly currentTree ├── regex-cache@0.4.3
316 silly currentTree ├── repeat-element@1.1.2
316 silly currentTree ├── repeat-string@1.5.4
316 silly currentTree ├── request@2.72.0
316 silly currentTree ├── rimraf@2.4.5
316 silly currentTree ├── safe-json-stringify@1.0.3
316 silly currentTree ├── sax@1.2.1
316 silly currentTree ├── send@0.13.1
316 silly currentTree ├── sentence-case@1.1.3
316 silly currentTree ├── serve-static@1.10.2
316 silly currentTree ├── sigmund@1.0.1
316 silly currentTree ├── sntp@1.0.9
316 silly currentTree ├── source-map@0.2.0
316 silly currentTree ├── spawn-sync@1.0.15
316 silly currentTree ├── sprintf-js@1.0.3
316 silly currentTree ├── sshpk@1.7.4
316 silly currentTree ├── statuses@1.2.1
316 silly currentTree ├── string_decoder@0.10.31
316 silly currentTree ├── string-width@1.0.1
316 silly currentTree ├── stringstream@0.0.5
316 silly currentTree ├── strip-ansi@3.0.1
316 silly currentTree ├── strip-indent@1.0.1
316 silly currentTree ├── striptags@2.1.1
316 silly currentTree ├─┬ stylus@0.53.0
316 silly currentTree │ ├── glob@3.2.11
316 silly currentTree │ ├── lru-cache@2.7.3
316 silly currentTree │ ├── minimatch@0.3.0
316 silly currentTree │ ├── sax@0.5.8
316 silly currentTree │ └── source-map@0.1.43
316 silly currentTree ├── supports-color@2.0.0
316 silly currentTree ├── swig-extras@0.0.1
316 silly currentTree ├── swig@1.4.2
316 silly currentTree ├── symbol-tree@3.1.4
316 silly currentTree ├── text-table@0.2.0
316 silly currentTree ├── through@2.3.8
316 silly currentTree ├─┬ through2@0.6.5
316 silly currentTree │ └── readable-stream@1.0.34
316 silly currentTree ├── tildify@1.2.0
316 silly currentTree ├── titlecase@1.1.2
316 silly currentTree ├── tough-cookie@2.2.2
316 silly currentTree ├── tr46@0.0.3
316 silly currentTree ├── tunnel-agent@0.4.2
316 silly currentTree ├── tweetnacl@0.14.3
316 silly currentTree ├── type-check@0.3.2
316 silly currentTree ├── typedarray@0.0.6
316 silly currentTree ├─┬ uglify-js@2.4.24
316 silly currentTree │ ├── async@0.2.10
316 silly currentTree │ ├── camelcase@1.2.1
316 silly currentTree │ ├── source-map@0.1.34
316 silly currentTree │ ├── window-size@0.1.0
316 silly currentTree │ ├── wordwrap@0.0.2
316 silly currentTree │ └── yargs@3.5.4
316 silly currentTree ├── uglify-to-browserify@1.0.2
316 silly currentTree ├── unpipe@1.0.0
316 silly currentTree ├── unreachable-branch-transform@0.5.1
316 silly currentTree ├── upper-case@1.1.3
316 silly currentTree ├── util-deprecate@1.0.2
316 silly currentTree ├── utils-merge@1.0.0
316 silly currentTree ├── vary@1.1.0
316 silly currentTree ├── verror@1.3.6
316 silly currentTree ├─┬ warehouse@2.2.0
316 silly currentTree │ └─┬ JSONStream@1.0.6
316 silly currentTree │   ├─┬ assertions@2.2.4
316 silly currentTree │   │ └── fomatto@0.5.0
316 silly currentTree │   ├── curry@0.0.4
316 silly currentTree │   ├── deep-equal@0.2.2
316 silly currentTree │   ├── defined@0.0.0
316 silly currentTree │   ├── event-stream@0.7.0
316 silly currentTree │   ├── fomatto@0.6.0
316 silly currentTree │   ├── glob@3.2.11
316 silly currentTree │   ├── inherits@2.0.1
316 silly currentTree │   ├─┬ it-is@1.0.3
316 silly currentTree │   │ ├─┬ assertions@2.3.4
316 silly currentTree │   │ │ └── traverser@1.0.0
316 silly currentTree │   │ └── traverser@0.0.5
316 silly currentTree │   ├── jsonparse@1.2.0
316 silly currentTree │   ├── lru-cache@2.7.3
316 silly currentTree │   ├── minimatch@0.3.0
316 silly currentTree │   ├── object-inspect@0.4.0
316 silly currentTree │   ├── optimist@0.2.8
316 silly currentTree │   ├─┬ render@0.1.4
316 silly currentTree │   │ └── traverser@0.0.5
316 silly currentTree │   ├── resumer@0.0.0
316 silly currentTree │   ├── should-equal@0.7.2
316 silly currentTree │   ├── should-format@0.3.2
316 silly currentTree │   ├── should-type@0.2.0
316 silly currentTree │   ├── should@8.3.1
316 silly currentTree │   ├── sigmund@1.0.1
316 silly currentTree │   ├── style@0.1.1
316 silly currentTree │   ├── tape@2.12.3
316 silly currentTree │   ├── through@2.3.8
316 silly currentTree │   ├── traverser@1.0.0
316 silly currentTree │   ├─┬ trees@0.0.4
316 silly currentTree │   │ └── traverser@0.0.5
316 silly currentTree │   └── wordwrap@0.0.3
316 silly currentTree ├── webidl-conversions@2.0.1
316 silly currentTree ├── whatwg-url-compat@0.6.5
316 silly currentTree ├── which@1.2.4
316 silly currentTree ├── window-size@0.1.4
316 silly currentTree ├── wordwrap@1.0.0
316 silly currentTree ├── wrap-ansi@2.0.0
316 silly currentTree ├── wrappy@1.0.1
316 silly currentTree ├── xml-name-validator@2.0.1
316 silly currentTree ├── xmlhttprequest@1.7.0
316 silly currentTree ├── xtend@4.0.1
316 silly currentTree ├── y18n@3.2.1
316 silly currentTree ├── yallist@2.0.0
316 silly currentTree └── yargs@3.32.0
317 silly idealTree hexo-site@0.0.0
317 silly idealTree ├── abab@1.0.3
317 silly idealTree ├── abbrev@1.0.7
317 silly idealTree ├── accepts@1.3.2
317 silly idealTree ├── acorn-globals@1.0.9
317 silly idealTree ├── acorn@2.7.0
317 silly idealTree ├── amdefine@1.0.0
317 silly idealTree ├── ansi-regex@2.0.0
317 silly idealTree ├── ansi-styles@2.2.1
317 silly idealTree ├── anymatch@1.3.0
317 silly idealTree ├── archy@1.0.0
317 silly idealTree ├── argparse@1.0.7
317 silly idealTree ├── arr-diff@2.0.0
317 silly idealTree ├── arr-flatten@1.0.1
317 silly idealTree ├── array-unique@0.2.1
317 silly idealTree ├── arrify@1.0.1
317 silly idealTree ├── asap@2.0.3
317 silly idealTree ├── asciidoctor.js@1.5.5-1
317 silly idealTree ├── asn1@0.2.3
317 silly idealTree ├── assert-plus@0.2.0
317 silly idealTree ├── ast-types@0.8.16
317 silly idealTree ├── async-each@1.0.0
317 silly idealTree ├── async@1.5.2
317 silly idealTree ├── aws-sign2@0.6.0
317 silly idealTree ├── aws4@1.3.2
317 silly idealTree ├── balanced-match@0.3.0
317 silly idealTree ├── basic-auth@1.0.3
317 silly idealTree ├── binary-extensions@1.4.0
317 silly idealTree ├─┬ bl@1.1.2
317 silly idealTree │ ├── isarray@1.0.0
317 silly idealTree │ └── readable-stream@2.0.6
317 silly idealTree ├── bluebird@3.3.5
317 silly idealTree ├── boolbase@1.0.0
317 silly idealTree ├── boom@2.10.1
317 silly idealTree ├── brace-expansion@1.1.3
317 silly idealTree ├── braces@1.8.3
317 silly idealTree ├── browser-fingerprint@0.0.1
317 silly idealTree ├── bunyan@1.8.0
317 silly idealTree ├── bytes@2.2.0
317 silly idealTree ├── camel-case@1.2.2
317 silly idealTree ├── camelcase@2.1.1
317 silly idealTree ├── caseless@0.11.0
317 silly idealTree ├── chalk@1.1.3
317 silly idealTree ├── cheerio@0.20.0
317 silly idealTree ├── chokidar@1.4.3
317 silly idealTree ├── cliui@3.2.0
317 silly idealTree ├── code-point-at@1.0.0
317 silly idealTree ├── combined-stream@1.0.5
317 silly idealTree ├── commander@2.9.0
317 silly idealTree ├── compressible@2.0.7
317 silly idealTree ├── compression@1.6.1
317 silly idealTree ├── concat-map@0.0.1
317 silly idealTree ├─┬ concat-stream@1.5.1
317 silly idealTree │ ├── isarray@1.0.0
317 silly idealTree │ └── readable-stream@2.0.6
317 silly idealTree ├── connect@3.4.1
317 silly idealTree ├── core-js@1.2.6
317 silly idealTree ├── core-util-is@1.0.2
317 silly idealTree ├── cross-spawn-async@2.2.2
317 silly idealTree ├── cross-spawn@2.2.3
317 silly idealTree ├── cryptiles@2.0.5
317 silly idealTree ├── css-parse@1.7.0
317 silly idealTree ├── css-select@1.2.0
317 silly idealTree ├── css-what@2.1.0
317 silly idealTree ├── cssom@0.3.1
317 silly idealTree ├── cssstyle@0.2.34
317 silly idealTree ├── cuid@1.3.8
317 silly idealTree ├─┬ dashdash@1.13.0
317 silly idealTree │ └── assert-plus@1.0.0
317 silly idealTree ├── debug@2.2.0
317 silly idealTree ├── decamelize@1.2.0
317 silly idealTree ├── deep-is@0.1.3
317 silly idealTree ├── delayed-stream@1.0.0
317 silly idealTree ├── depd@1.1.0
317 silly idealTree ├── destroy@1.0.4
317 silly idealTree ├─┬ dom-serializer@0.1.0
317 silly idealTree │ └── domelementtype@1.1.3
317 silly idealTree ├── domelementtype@1.3.0
317 silly idealTree ├── domhandler@2.3.0
317 silly idealTree ├── domutils@1.5.1
317 silly idealTree ├── dtrace-provider@0.6.0
317 silly idealTree ├── ecc-jsbn@0.1.1
317 silly idealTree ├── ee-first@1.1.1
317 silly idealTree ├── ejs@1.0.0
317 silly idealTree ├── ent@2.2.0
317 silly idealTree ├── entities@1.1.1
317 silly idealTree ├── escape-html@1.0.3
317 silly idealTree ├── escape-string-regexp@1.0.5
317 silly idealTree ├── escodegen@1.8.0
317 silly idealTree ├── esmangle-evaluator@1.0.0
317 silly idealTree ├── esprima@2.7.2
317 silly idealTree ├── estraverse@1.9.3
317 silly idealTree ├── esutils@2.0.2
317 silly idealTree ├── etag@1.7.0
317 silly idealTree ├── expand-brackets@0.1.5
317 silly idealTree ├── expand-range@1.8.1
317 silly idealTree ├── extend@3.0.0
317 silly idealTree ├── extglob@0.3.2
317 silly idealTree ├── extsprintf@1.0.2
317 silly idealTree ├─┬ falafel@1.2.0
317 silly idealTree │ └── acorn@1.2.2
317 silly idealTree ├── fast-levenshtein@1.1.3
317 silly idealTree ├── filename-regex@2.0.0
317 silly idealTree ├── fill-range@2.2.3
317 silly idealTree ├── finalhandler@0.4.1
317 silly idealTree ├── for-in@0.1.5
317 silly idealTree ├── for-own@0.1.4
317 silly idealTree ├── foreach@2.0.5
317 silly idealTree ├── forever-agent@0.6.1
317 silly idealTree ├── form-data@1.0.0-rc4
317 silly idealTree ├── fresh@0.3.0
317 silly idealTree ├── generate-function@2.0.0
317 silly idealTree ├── generate-object-property@1.2.0
317 silly idealTree ├── get-stdin@4.0.1
317 silly idealTree ├── glob-base@0.3.0
317 silly idealTree ├── glob-parent@2.0.0
317 silly idealTree ├── glob@6.0.4
317 silly idealTree ├── graceful-fs@4.1.3
317 silly idealTree ├── graceful-readlink@1.0.1
317 silly idealTree ├── har-validator@2.0.6
317 silly idealTree ├── has-ansi@2.0.0
317 silly idealTree ├── hawk@3.1.3
317 silly idealTree ├── hexo-deployer-git@0.1.0
317 silly idealTree ├── hexo-front-matter@0.2.2
317 silly idealTree ├── hexo-fs@0.1.5
317 silly idealTree ├─┬ hexo-generator-archive@0.1.4
317 silly idealTree │ └── object-assign@2.1.1
317 silly idealTree ├─┬ hexo-generator-category@0.1.3
317 silly idealTree │ └── object-assign@2.1.1
317 silly idealTree ├── hexo-generator-index@0.2.0
317 silly idealTree ├─┬ hexo-generator-json-content@2.1.2
317 silly idealTree │ └── hexo-util@0.5.3
317 silly idealTree ├── hexo-generator-tag@0.2.0
317 silly idealTree ├── hexo-i18n@0.2.1
317 silly idealTree ├── hexo-log@0.1.2
317 silly idealTree ├── hexo-pagination@0.0.2
317 silly idealTree ├─┬ hexo-renderer-asciidoc@1.1.6
317 silly idealTree │ ├── asciidoctor.js@1.5.4
317 silly idealTree │ ├── bluebird@2.10.2
317 silly idealTree │ ├── cheerio@0.19.0
317 silly idealTree │ ├── css-select@1.0.0
317 silly idealTree │ ├── css-what@1.0.0
317 silly idealTree │ ├── domutils@1.4.3
317 silly idealTree │ ├── hexo-util@0.1.7
317 silly idealTree │ ├── highlight.js@8.9.1
317 silly idealTree │ └── lodash@3.10.1
317 silly idealTree ├── hexo-renderer-ejs@0.2.0
317 silly idealTree ├── hexo-renderer-marked@0.2.10
317 silly idealTree ├── hexo-renderer-stylus@0.3.1
317 silly idealTree ├── hexo-server@0.2.0
317 silly idealTree ├── hexo-util@0.5.3
317 silly idealTree ├─┬ hexo@3.2.0
317 silly idealTree │ └── hexo-cli@1.0.1
317 silly idealTree ├── highlight.js@9.3.0
317 silly idealTree ├── hoek@2.16.3
317 silly idealTree ├── html-entities@1.2.0
317 silly idealTree ├─┬ htmlparser2@3.8.3
317 silly idealTree │ └── entities@1.0.0
317 silly idealTree ├── http-errors@1.3.1
317 silly idealTree ├── http-signature@1.1.1
317 silly idealTree ├── inflight@1.0.4
317 silly idealTree ├── inherits@2.0.1
317 silly idealTree ├── inline-process-browser@2.0.1
317 silly idealTree ├── invert-kv@1.0.0
317 silly idealTree ├── is-absolute@0.1.7
317 silly idealTree ├── is-binary-path@1.0.1
317 silly idealTree ├── is-buffer@1.1.3
317 silly idealTree ├── is-dotfile@1.0.2
317 silly idealTree ├── is-equal-shallow@0.1.3
317 silly idealTree ├── is-extendable@0.1.1
317 silly idealTree ├── is-extglob@1.0.0
317 silly idealTree ├── is-fullwidth-code-point@1.0.0
317 silly idealTree ├── is-glob@2.0.1
317 silly idealTree ├── is-my-json-valid@2.13.1
317 silly idealTree ├── is-number@2.1.0
317 silly idealTree ├─┬ is-plain-object@2.0.1
317 silly idealTree │ └── isobject@1.0.2
317 silly idealTree ├── is-posix-bracket@0.1.1
317 silly idealTree ├── is-primitive@2.0.0
317 silly idealTree ├── is-property@1.0.2
317 silly idealTree ├── is-relative@0.1.3
317 silly idealTree ├── is-typedarray@1.0.0
317 silly idealTree ├── isarray@0.0.1
317 silly idealTree ├── isexe@1.1.2
317 silly idealTree ├── isobject@2.0.0
317 silly idealTree ├── isstream@0.1.2
317 silly idealTree ├── jodid25519@1.0.2
317 silly idealTree ├── js-yaml@3.6.0
317 silly idealTree ├── jsbn@0.1.0
317 silly idealTree ├── jsdom@7.2.2
317 silly idealTree ├── json-schema@0.2.2
317 silly idealTree ├── json-stringify-safe@5.0.1
317 silly idealTree ├── jsonparse@1.2.0
317 silly idealTree ├── jsonpointer@2.0.0
317 silly idealTree ├── JSONStream@1.0.6
317 silly idealTree ├── jsprim@1.2.2
317 silly idealTree ├── keyword-extractor@0.0.12
317 silly idealTree ├── kind-of@3.0.2
317 silly idealTree ├── lcid@1.0.0
317 silly idealTree ├── levn@0.3.0
317 silly idealTree ├── lodash@4.11.1
317 silly idealTree ├── lower-case@1.1.3
317 silly idealTree ├── lru-cache@4.0.1
317 silly idealTree ├── markdown@0.5.0
317 silly idealTree ├── marked@0.3.5
317 silly idealTree ├── micromatch@2.3.7
317 silly idealTree ├── mime-db@1.22.0
317 silly idealTree ├── mime-types@2.1.10
317 silly idealTree ├── mime@1.3.4
317 silly idealTree ├── minimatch@3.0.0
317 silly idealTree ├── minimist@1.2.0
317 silly idealTree ├─┬ mkdirp@0.5.1
317 silly idealTree │ └── minimist@0.0.8
317 silly idealTree ├── moment-timezone@0.5.3
317 silly idealTree ├── moment@2.11.2
317 silly idealTree ├── morgan@1.7.0
317 silly idealTree ├── ms@0.7.1
317 silly idealTree ├── mv@2.1.1
317 silly idealTree ├── nan@2.2.1
317 silly idealTree ├── ncp@2.0.0
317 silly idealTree ├── negotiator@0.6.0
317 silly idealTree ├─┬ nib@1.1.0
317 silly idealTree │ ├── glob@3.2.11
317 silly idealTree │ ├── lru-cache@2.7.3
317 silly idealTree │ ├── minimatch@0.3.0
317 silly idealTree │ ├── mkdirp@0.3.5
317 silly idealTree │ ├── sax@0.5.8
317 silly idealTree │ ├── source-map@0.1.43
317 silly idealTree │ └── stylus@0.49.3
317 silly idealTree ├── node-fingerprint@0.0.2
317 silly idealTree ├── node-uuid@1.4.7
317 silly idealTree ├── nopt@2.1.2
317 silly idealTree ├── normalize-path@2.0.1
317 silly idealTree ├── nth-check@1.0.1
317 silly idealTree ├── number-is-nan@1.0.0
317 silly idealTree ├── nunjucks@2.4.2
317 silly idealTree ├── nwmatcher@1.3.7
317 silly idealTree ├── oauth-sign@0.8.1
317 silly idealTree ├── object-assign@4.0.1
317 silly idealTree ├── object-keys@1.0.9
317 silly idealTree ├── object.omit@2.0.0
317 silly idealTree ├── on-finished@2.3.0
317 silly idealTree ├── on-headers@1.0.1
317 silly idealTree ├── once@1.3.3
317 silly idealTree ├── opal-npm-wrapper@0.9.2
317 silly idealTree ├── opn@4.0.1
317 silly idealTree ├─┬ optimist@0.6.1
317 silly idealTree │ ├── minimist@0.0.10
317 silly idealTree │ └── wordwrap@0.0.3
317 silly idealTree ├── optionator@0.8.1
317 silly idealTree ├── os-homedir@1.0.1
317 silly idealTree ├── os-locale@1.4.0
317 silly idealTree ├── os-shim@0.1.3
317 silly idealTree ├── parse-glob@3.0.4
317 silly idealTree ├── parse5@1.5.1
317 silly idealTree ├── parseurl@1.3.1
317 silly idealTree ├── path-is-absolute@1.0.0
317 silly idealTree ├── pinkie-promise@2.0.1
317 silly idealTree ├── pinkie@2.0.4
317 silly idealTree ├── prelude-ls@1.1.2
317 silly idealTree ├── preserve@0.2.0
317 silly idealTree ├── pretty-hrtime@1.0.2
317 silly idealTree ├── private@0.1.6
317 silly idealTree ├── process-nextick-args@1.0.6
317 silly idealTree ├── pseudomap@1.0.2
317 silly idealTree ├── qs@6.1.0
317 silly idealTree ├── randomatic@1.1.5
317 silly idealTree ├── range-parser@1.0.3
317 silly idealTree ├── readable-stream@1.1.14
317 silly idealTree ├─┬ readdirp@2.0.0
317 silly idealTree │ ├── isarray@1.0.0
317 silly idealTree │ ├── minimatch@2.0.10
317 silly idealTree │ └── readable-stream@2.1.0
317 silly idealTree ├─┬ recast@0.11.5
317 silly idealTree │ └── source-map@0.5.3
317 silly idealTree ├── regex-cache@0.4.3
317 silly idealTree ├── repeat-element@1.1.2
317 silly idealTree ├── repeat-string@1.5.4
317 silly idealTree ├── request@2.72.0
317 silly idealTree ├── rimraf@2.4.5
317 silly idealTree ├── safe-json-stringify@1.0.3
317 silly idealTree ├── sax@1.2.1
317 silly idealTree ├── send@0.13.1
317 silly idealTree ├── sentence-case@1.1.3
317 silly idealTree ├── serve-static@1.10.2
317 silly idealTree ├── sigmund@1.0.1
317 silly idealTree ├── sntp@1.0.9
317 silly idealTree ├── source-map@0.2.0
317 silly idealTree ├── spawn-sync@1.0.15
317 silly idealTree ├── sprintf-js@1.0.3
317 silly idealTree ├── sshpk@1.7.4
317 silly idealTree ├── statuses@1.2.1
317 silly idealTree ├── string_decoder@0.10.31
317 silly idealTree ├── string-width@1.0.1
317 silly idealTree ├── stringstream@0.0.5
317 silly idealTree ├── strip-ansi@3.0.1
317 silly idealTree ├── strip-indent@1.0.1
317 silly idealTree ├── striptags@2.1.1
317 silly idealTree ├─┬ stylus@0.53.0
317 silly idealTree │ ├── glob@3.2.11
317 silly idealTree │ ├── lru-cache@2.7.3
317 silly idealTree │ ├── minimatch@0.3.0
317 silly idealTree │ ├── sax@0.5.8
317 silly idealTree │ └── source-map@0.1.43
317 silly idealTree ├── supports-color@2.0.0
317 silly idealTree ├── swig-extras@0.0.1
317 silly idealTree ├── swig@1.4.2
317 silly idealTree ├── symbol-tree@3.1.4
317 silly idealTree ├── text-table@0.2.0
317 silly idealTree ├── through@2.3.8
317 silly idealTree ├─┬ through2@0.6.5
317 silly idealTree │ └── readable-stream@1.0.34
317 silly idealTree ├── tildify@1.2.0
317 silly idealTree ├── titlecase@1.1.2
317 silly idealTree ├── tough-cookie@2.2.2
317 silly idealTree ├── tr46@0.0.3
317 silly idealTree ├── tunnel-agent@0.4.2
317 silly idealTree ├── tweetnacl@0.14.3
317 silly idealTree ├── type-check@0.3.2
317 silly idealTree ├── typedarray@0.0.6
317 silly idealTree ├─┬ uglify-js@2.4.24
317 silly idealTree │ ├── async@0.2.10
317 silly idealTree │ ├── camelcase@1.2.1
317 silly idealTree │ ├── source-map@0.1.34
317 silly idealTree │ ├── window-size@0.1.0
317 silly idealTree │ ├── wordwrap@0.0.2
317 silly idealTree │ └── yargs@3.5.4
317 silly idealTree ├── uglify-to-browserify@1.0.2
317 silly idealTree ├── underscore.string@2.3.3
317 silly idealTree ├── underscore@1.7.0
317 silly idealTree ├── unpipe@1.0.0
317 silly idealTree ├── unreachable-branch-transform@0.5.1
317 silly idealTree ├── upper-case@1.1.3
317 silly idealTree ├── util-deprecate@1.0.2
317 silly idealTree ├── utils-merge@1.0.0
317 silly idealTree ├── vary@1.1.0
317 silly idealTree ├── verror@1.3.6
317 silly idealTree ├─┬ warehouse@2.2.0
317 silly idealTree │ └── JSONStream@1.1.1
317 silly idealTree ├── webidl-conversions@2.0.1
317 silly idealTree ├── whatwg-url-compat@0.6.5
317 silly idealTree ├── which@1.2.4
317 silly idealTree ├── window-size@0.1.4
317 silly idealTree ├── wordwrap@1.0.0
317 silly idealTree ├── wrap-ansi@2.0.0
317 silly idealTree ├── wrappy@1.0.1
317 silly idealTree ├── xml-name-validator@2.0.1
317 silly idealTree ├── xmlhttprequest@1.7.0
317 silly idealTree ├── xtend@4.0.1
317 silly idealTree ├── y18n@3.2.1
317 silly idealTree ├── yallist@2.0.0
317 silly idealTree └── yargs@3.32.0
318 silly generateActionsToTake Starting
319 silly install generateActionsToTake
320 silly rollbackFailedOptional Starting
321 silly rollbackFailedOptional Finishing
322 silly runTopLevelLifecycles Starting
323 silly runTopLevelLifecycles Finishing
324 silly install printInstalled
325 warn optional Skipping failed optional dependency /chokidar/fsevents:
326 warn notsup Not compatible with your operating system or architecture: fsevents@1.0.11
327 verbose stack Error: /home/fusion809/GitHub/hexo-site/node_modules/warehouse/node_modules/JSONStream: Appears to be a git repo or submodule.
327 verbose stack     at /usr/lib/node_modules/npm/node_modules/npm-install-checks/index.js:137:15
327 verbose stack     at FSReqWrap.oncomplete (fs.js:82:15)
328 verbose cwd /home/fusion809/GitHub/hexo-site
329 error Linux 4.5.0-1-ARCH
330 error argv "/usr/bin/node" "/usr/bin/npm" "install" "-S" "hexo-generator-json-content"
331 error node v5.10.1
332 error npm  v3.8.6
333 error path /home/fusion809/GitHub/hexo-site/node_modules/warehouse/node_modules/JSONStream
334 error code EISGIT
335 error git /home/fusion809/GitHub/hexo-site/node_modules/warehouse/node_modules/JSONStream: Appears to be a git repo or submodule.
336 error git /home/fusion809/GitHub/hexo-site/node_modules/warehouse/node_modules/JSONStream
337 error git Refusing to remove it. Update manually,
337 error git or move it out of the way first.
338 verbose exit [ 1, true ]
